        -:    0:Source:F:/develop/src/preprocess/Config.cpp
        -:    0:Graph:F:\develop\cmake-build-debug-coverage\CMakeFiles\coretest.dir\src\preprocess\Config.cpp.gcno
        -:    0:Data:F:\develop\cmake-build-debug-coverage\CMakeFiles\coretest.dir\src\preprocess\Config.cpp.gcda
        -:    0:Runs:1
        -:    1://
        -:    2:// Created by cychen on 2023/3/8.
        -:    3://
        -:    4:
        -:    5:#include "Config.h"
        -:    6:
        -:    7:Config *Config::instance = nullptr;
        -:    8:
function _ZN6Config11getInstanceEv called 72 returned 100% blocks executed 100%
       72:    9:Config *Config::getInstance() {
       72:   10:    if (instance == nullptr) {
       72:   10-block  0
branch  0 taken 1 (fallthrough)
branch  1 taken 71
        1:   11:        instance = new Config();
        1:   11-block  0
call    0 returned 1
call    1 returned 1
        -:   12:    }
       72:   13:    return instance;
       72:   13-block  0
        -:   14:}
