        -:    0:Source:F:/develop/src/error/Error.cpp
        -:    0:Graph:F:\develop\cmake-build-debug-coverage\CMakeFiles\coretest.dir\src\error\Error.cpp.gcno
        -:    0:Data:F:\develop\cmake-build-debug-coverage\CMakeFiles\coretest.dir\src\error\Error.cpp.gcda
        -:    0:Runs:1
        -:    1://
        -:    2:// Created by cychen on 2023/3/10.
        -:    3://
        -:    4:
        -:    5:#include <sstream>
        -:    6:#include <iostream>
        -:    7:#include "Error.h"
        -:    8:#include "ErrorCode.h"
        -:    9:#include "../preprocess/Config.h"
        -:   10:
function _Z12genErrorInfoiNSt7__cxx1112basic_stringIcSt11char_traitsIcESaIcEEE called 0 returned 0% blocks executed 0%
    #####:   11:string genErrorInfo(int ErrorCode, string Info) {
    #####:   12:    stringstream ErrorInfo;
    %%%%%:   12-block  0
call    0 never executed
branch  1 never executed
branch  2 never executed
    #####:   13:    ErrorInfo << "Error: ";
    %%%%%:   13-block  0
call    0 never executed
branch  1 never executed
branch  2 never executed
    #####:   14:    switch (ErrorCode) {
    %%%%%:   14-block  0
branch  0 never executed
branch  1 never executed
branch  2 never executed
branch  3 never executed
branch  4 never executed
branch  5 never executed
branch  6 never executed
branch  7 never executed
branch  8 never executed
branch  9 never executed
branch 10 never executed
branch 11 never executed
branch 12 never executed
branch 13 never executed
branch 14 never executed
branch 15 never executed
branch 16 never executed
branch 17 never executed
    #####:   15:        case NOT_EXIST_FILE:
    #####:   16:            ErrorInfo << "找不到文件: " << Info;
    %%%%%:   16-block  0
call    0 never executed
branch  1 never executed
branch  2 never executed
    %%%%%:   16-block  1
call    3 never executed
branch  4 never executed
branch  5 never executed
    #####:   17:            break;
    %%%%%:   17-block  0
    #####:   18:        case ILLEGAL_FILE:
    #####:   19:            ErrorInfo << "文件不合法，可能是格式非.txt";
    %%%%%:   19-block  0
call    0 never executed
branch  1 never executed
branch  2 never executed
    #####:   20:            break;
    %%%%%:   20-block  0
    #####:   21:        case LACK_OF_FILE:
    #####:   22:            ErrorInfo << "未输入文件";
    %%%%%:   22-block  0
call    0 never executed
branch  1 never executed
branch  2 never executed
    #####:   23:            break;
    %%%%%:   23-block  0
    #####:   24:        case MORE_THAN_ONE_FILE:
    #####:   25:            ErrorInfo << "输入多于一个文件";
    %%%%%:   25-block  0
call    0 never executed
branch  1 never executed
branch  2 never executed
    #####:   26:            break;
    %%%%%:   26-block  0
    #####:   27:        case NOT_EXIST_PARAMETER:
    #####:   28:            ErrorInfo << "输入参数: -" << Info[0] << " 不存在";
    %%%%%:   28-block  0
call    0 never executed
branch  1 never executed
branch  2 never executed
    %%%%%:   28-block  1
call    3 never executed
branch  4 never executed
branch  5 never executed
    %%%%%:   28-block  2
call    6 never executed
branch  7 never executed
branch  8 never executed
    %%%%%:   28-block  3
call    9 never executed
branch 10 never executed
branch 11 never executed
    #####:   29:            break;
    %%%%%:   29-block  0
    #####:   30:        case DUPLICATE_PARAMETER:
    #####:   31:            ErrorInfo << "重复输入参数: -" << Info[0];
    %%%%%:   31-block  0
call    0 never executed
branch  1 never executed
branch  2 never executed
    %%%%%:   31-block  1
call    3 never executed
branch  4 never executed
branch  5 never executed
    %%%%%:   31-block  2
call    6 never executed
branch  7 never executed
branch  8 never executed
    #####:   32:            break;
    %%%%%:   32-block  0
    #####:   33:        case MORE_THAN_ONE_CHAR:
    #####:   34:            ErrorInfo << "输入参数: -" << Info[0] << " 的值多于一个字符";
    %%%%%:   34-block  0
call    0 never executed
branch  1 never executed
branch  2 never executed
    %%%%%:   34-block  1
call    3 never executed
branch  4 never executed
branch  5 never executed
    %%%%%:   34-block  2
call    6 never executed
branch  7 never executed
branch  8 never executed
    %%%%%:   34-block  3
call    9 never executed
branch 10 never executed
branch 11 never executed
    #####:   35:            break;
    %%%%%:   35-block  0
    #####:   36:        case LACK_OF_CHAR:
    #####:   37:            ErrorInfo << "输入参数: -" << Info[0] << " 缺少值";
    %%%%%:   37-block  0
call    0 never executed
branch  1 never executed
branch  2 never executed
    %%%%%:   37-block  1
call    3 never executed
branch  4 never executed
branch  5 never executed
    %%%%%:   37-block  2
call    6 never executed
branch  7 never executed
branch  8 never executed
    %%%%%:   37-block  3
call    9 never executed
branch 10 never executed
branch 11 never executed
    #####:   38:            break;
    %%%%%:   38-block  0
    #####:   39:        case ILLEGAL_PARAMETER_VALUE:
    #####:   40:            ErrorInfo << "输入参数: -" << Info[0] << " 的值不是合法字母";
    %%%%%:   40-block  0
call    0 never executed
branch  1 never executed
branch  2 never executed
    %%%%%:   40-block  1
call    3 never executed
branch  4 never executed
branch  5 never executed
    %%%%%:   40-block  2
call    6 never executed
branch  7 never executed
branch  8 never executed
    %%%%%:   40-block  3
call    9 never executed
branch 10 never executed
branch 11 never executed
    #####:   41:            break;
    %%%%%:   41-block  0
    #####:   42:        case MORE_THAN_ONE_STATE:
    #####:   43:            ErrorInfo << "输入参数: -" << Info[0] << " 指定了多于一项任务";
    %%%%%:   43-block  0
call    0 never executed
branch  1 never executed
branch  2 never executed
    %%%%%:   43-block  1
call    3 never executed
branch  4 never executed
branch  5 never executed
    %%%%%:   43-block  2
call    6 never executed
branch  7 never executed
branch  8 never executed
    %%%%%:   43-block  3
call    9 never executed
branch 10 never executed
branch 11 never executed
    #####:   44:            break;
    %%%%%:   44-block  0
    #####:   45:        case LACK_OF_STATE:
    #####:   46:            ErrorInfo << "输入参数未指定任务";
    %%%%%:   46-block  0
call    0 never executed
branch  1 never executed
branch  2 never executed
    #####:   47:            break;
    %%%%%:   47-block  0
    #####:   48:        case NOT_EXIST_RING_PARA:
    #####:   49:            ErrorInfo << "输入参数不包含 -r, 但单词文本包含隐含环";
    %%%%%:   49-block  0
call    0 never executed
branch  1 never executed
branch  2 never executed
    #####:   50:            break;
    %%%%%:   50-block  0
    #####:   51:        case UNEXPECTED_PARAMETER:
    #####:   52:            ErrorInfo << "输入参数: " << Info[0] << " 不应出现值";
    %%%%%:   52-block  0
call    0 never executed
branch  1 never executed
branch  2 never executed
    %%%%%:   52-block  1
call    3 never executed
branch  4 never executed
branch  5 never executed
    %%%%%:   52-block  2
call    6 never executed
branch  7 never executed
branch  8 never executed
    %%%%%:   52-block  3
call    9 never executed
branch 10 never executed
branch 11 never executed
    #####:   53:        case NOT_COMPATIBLE_PARAMETER:
    #####:   54:            ErrorInfo << "参数不兼容";
    %%%%%:   54-block  0
call    0 never executed
branch  1 never executed
branch  2 never executed
    #####:   55:            break;
    %%%%%:   55-block  0
    #####:   56:        case HEAD_TAIL_LIMIT_SAME:
    #####:   57:            ErrorInfo << "单词文本不包含隐含环, 但首尾指定了同一字母，这是矛盾的";
    %%%%%:   57-block  0
call    0 never executed
branch  1 never executed
branch  2 never executed
    #####:   58:            break;
    %%%%%:   58-block  0
    #####:   59:        case HEAD_LIMIT_CONTRADICTION:
    #####:   60:            ErrorInfo << "-h 和 -j 指定的字母相同, 这是矛盾的";
    %%%%%:   60-block  0
call    0 never executed
branch  1 never executed
branch  2 never executed
    #####:   61:            break;
    %%%%%:   61-block  0
    #####:   62:        case UNDEFINED_EXCEPTION:
    #####:   63:            ErrorInfo << "未定义的错误";
    %%%%%:   63-block  0
call    0 never executed
branch  1 never executed
branch  2 never executed
    #####:   64:            break;
    %%%%%:   64-block  0
    #####:   65:        default:
    #####:   66:            ErrorInfo << "";
    %%%%%:   66-block  0
call    0 never executed
branch  1 never executed
branch  2 never executed
    #####:   67:            break;
    %%%%%:   67-block  0
        -:   68:    }
    #####:   69:    return ErrorInfo.str();
    %%%%%:   69-block  0
call    0 never executed
branch  1 never executed
branch  2 never executed
    %%%%%:   69-block  1
    #####:   70:}
    %%%%%:   70-block  0
call    0 never executed
    $$$$$:   70-block  1
call    1 never executed
        -:   71:
function _Z10throwErroriNSt7__cxx1112basic_stringIcSt11char_traitsIcESaIcEEE called 0 returned 0% blocks executed 0%
    #####:   72:void throwError(int ErrorCode, string Info) {
    #####:   73:    string ErrorInfo = genErrorInfo(ErrorCode, Info);
    %%%%%:   73-block  0
call    0 never executed
branch  1 never executed
branch  2 never executed
    %%%%%:   73-block  1
call    3 never executed
branch  4 never executed
branch  5 never executed
    $$$$$:   73-block  2
    #####:   74:    cout << ErrorCode << endl;
call    0 never executed
branch  1 never executed
branch  2 never executed
    %%%%%:   74-block  0
call    3 never executed
branch  4 never executed
branch  5 never executed
    #####:   75:    exit(0);
    %%%%%:   75-block  0
call    0 never executed
    =====:   76:}
    $$$$$:   76-block  0
call    0 never executed
        -:   77:
function _Z11checkConfigv called 2 returned 100% blocks executed 34%
        2:   78:int checkConfig() {
        2:   79:    int r = 0;
        2:   80:    Config *config = Config::getInstance();
        2:   80-block  0
call    0 returned 2
        -:   81:    // 缺少任务
        2:   82:    if (config->getState() == configs::empty) {
call    0 returned 2
branch  1 taken 0 (fallthrough)
branch  2 taken 2
    #####:   83:        r = LACK_OF_STATE;
    #####:   84:        throwError(r, NO_INFO);
    %%%%%:   84-block  0
call    0 never executed
call    1 never executed
branch  2 never executed
branch  3 never executed
    %%%%%:   84-block  1
call    4 never executed
branch  5 never executed
branch  6 never executed
    %%%%%:   84-block  2
call    7 never executed
call    8 never executed
    $$$$$:   84-block  3
call    9 never executed
    $$$$$:   84-block  4
    $$$$$:   84-block  5
call   10 never executed
    $$$$$:   84-block  6
call   11 never executed
        -:   85:    }
        -:   86:    // 检查环路
        -:   87:
        -:   88:    // 无-r首位限制相同
        2:   89:    if (!config->isRing()
        2:   89-block  0
call    0 returned 2
        1:   90:        && config->getHeadLimit() == config->getTailLimit()
        1:   90-block  0
call    0 returned 1
call    1 returned 1
branch  2 taken 0 (fallthrough)
branch  3 taken 1
       3*:   91:        && config->getHeadLimit() != -1) {
branch  0 taken 1 (fallthrough)
branch  1 taken 1
    %%%%%:   91-block  0
call    2 never executed
branch  3 never executed
branch  4 never executed
    %%%%%:   91-block  1
        2:   91-block  2
        2:   91-block  3
branch  5 taken 0 (fallthrough)
branch  6 taken 2
    #####:   92:        r = HEAD_TAIL_LIMIT_SAME;
    #####:   93:        throwError(r, NO_INFO);
    %%%%%:   93-block  0
call    0 never executed
call    1 never executed
branch  2 never executed
branch  3 never executed
    %%%%%:   93-block  1
call    4 never executed
branch  5 never executed
branch  6 never executed
    %%%%%:   93-block  2
call    7 never executed
call    8 never executed
    $$$$$:   93-block  3
call    9 never executed
    $$$$$:   93-block  4
    $$$$$:   93-block  5
call   10 never executed
    $$$$$:   93-block  6
call   11 never executed
        -:   94:    }
        -:   95:
        -:   96:    // 首字母限制矛盾
        2:   97:    if (config->getHeadLimit() == config->getRejectLimit()
        2:   97-block  0
call    0 returned 2
call    1 returned 2
       2*:   98:        && config->getHeadLimit() != -1) {
branch  0 taken 1 (fallthrough)
branch  1 taken 1
        1:   98-block  0
call    2 returned 1
branch  3 taken 0 (fallthrough)
branch  4 taken 1
    %%%%%:   98-block  1
        2:   98-block  2
        2:   98-block  3
branch  5 taken 0 (fallthrough)
branch  6 taken 2
    #####:   99:        r = HEAD_LIMIT_CONTRADICTION;
    #####:  100:        throwError(r, NO_INFO);
    %%%%%:  100-block  0
call    0 never executed
call    1 never executed
branch  2 never executed
branch  3 never executed
    %%%%%:  100-block  1
call    4 never executed
branch  5 never executed
branch  6 never executed
    %%%%%:  100-block  2
call    7 never executed
call    8 never executed
    $$$$$:  100-block  3
call    9 never executed
    $$$$$:  100-block  4
    $$$$$:  100-block  5
call   10 never executed
        -:  101:    }
        2:  102:    return r;
        2:  102-block  0
        2:  102-block  1
        -:  103:}
