        -:    0:Source:F:/develop/src/preprocess/Input.cpp
        -:    0:Graph:F:\develop\cmake-build-debug-coverage\CMakeFiles\coretest.dir\src\preprocess\Input.cpp.gcno
        -:    0:Data:F:\develop\cmake-build-debug-coverage\CMakeFiles\coretest.dir\src\preprocess\Input.cpp.gcda
        -:    0:Runs:1
        -:    1://
        -:    2:// Created by cychen on 2023/3/7.
        -:    3://
        -:    4:
        -:    5:#include "Input.h"
        -:    6:#include <cctype>
        -:    7:#include <vector>
        -:    8:#include <fstream>
        -:    9:#include <getopt.h>
        -:   10:#include <algorithm>
        -:   11:#include <set>
        -:   12:#include "../core/Utils.h"
        -:   13:#include "Config.h"
        -:   14:#include "../error/Error.h"
        -:   15:#include "../error/ErrorCode.h"
        -:   16:
        -:   17:using namespace std;
        -:   18:
function _Z14execPreprocessiPPcRSt6vectorINSt7__cxx1112basic_stringIcSt11char_traitsIcESaIcEEESaIS7_EE called 0 returned 0% blocks executed 0%
    #####:   19:int execPreprocess(int argc, char *argv[], vector<string> &result) {
    #####:   20:    int r = 0;
    #####:   21:    string fileData;
    %%%%%:   21-block  0
call    0 never executed
    #####:   22:    parseArgument(argc, argv, fileData);
call    0 never executed
branch  1 never executed
branch  2 never executed
    #####:   23:    Config* config = Config::getInstance();
    %%%%%:   23-block  0
call    0 never executed
branch  1 never executed
branch  2 never executed
    #####:   24:    getWordFromStr(fileData, result);
    %%%%%:   24-block  0
call    0 never executed
branch  1 never executed
branch  2 never executed
    %%%%%:   24-block  1
call    3 never executed
branch  4 never executed
branch  5 never executed
    %%%%%:   24-block  2
call    6 never executed
    $$$$$:   24-block  3
call    7 never executed
    $$$$$:   24-block  4
    #####:   25:    return r;
    %%%%%:   25-block  0
    #####:   26:}
call    0 never executed
    $$$$$:   26-block  0
call    1 never executed
        -:   27:
function _Z15genWordFromListRSt6vectorINSt7__cxx1112basic_stringIcSt11char_traitsIcESaIcEEESaIS5_EERS_I4WordSaIS9_EE called 25 returned 100% blocks executed 82%
       25:   28:int genWordFromList(vector<string> &wordList, vector<Word> &edges) {
       25:   29:    int r = 0;
       25:   30:    set<string> list(wordList.begin(), wordList.end());
       25:   30-block  0
call    0 returned 25
call    1 returned 25
call    2 returned 25
branch  3 taken 25 (fallthrough)
branch  4 taken 0 (throw)
       67:   31:    for (const auto &i: list) {
       25:   31-block  0
call    0 returned 25
call    1 returned 25
       42:   31-block  1
call    2 returned 42
       42:   31-block  2
call    3 returned 42
       67:   31-block  3
call    4 returned 67
branch  5 taken 42
branch  6 taken 25 (fallthrough)
       42:   32:        edges.emplace_back(i);
call    0 returned 42
branch  1 taken 42 (fallthrough)
branch  2 taken 0 (throw)
        -:   33:    }
       25:   34:    return r;
       25:   34-block  0
       25:   35:}
       25:   35-block  0
call    0 returned 25
    $$$$$:   35-block  1
call    1 never executed
        -:   36:
function _Z11toLowercaseNSt7__cxx1112basic_stringIcSt11char_traitsIcESaIcEEE called 0 returned 0% blocks executed 0%
    #####:   37:string toLowercase(string str) {
    #####:   38:    std::transform(str.begin(), str.end(), str.begin(),
    %%%%%:   38-block  0
call    0 never executed
call    1 never executed
call    2 never executed
call    3 never executed
function _ZZ11toLowercaseNSt7__cxx1112basic_stringIcSt11char_traitsIcESaIcEEEENKUlhE_clEh called 0 returned 0% blocks executed 0%
    #####:   39:                   [](unsigned char c) { return std::tolower(c); });
    %%%%%:   39-block  0
    #####:   40:    return str;
call    0 never executed
        -:   41:}
        -:   42:
function _Z14getWordFromStrNSt7__cxx1112basic_stringIcSt11char_traitsIcESaIcEEERSt6vectorIS4_SaIS4_EE called 0 returned 0% blocks executed 0%
    #####:   43:int getWordFromStr(string str, vector<string> &wordList) {
    #####:   44:    int r = 0;
    #####:   45:    int begin = 0;
    #####:   46:    bool lexState = false;
    #####:   47:    unsigned long long len = str.length();
    %%%%%:   47-block  0
call    0 never executed
    #####:   48:    for (int i = 0; i < len; ++i) {
    %%%%%:   48-block  0
    %%%%%:   48-block  1
branch  0 never executed
branch  1 never executed
    #####:   49:        if (isalpha(str[i])) {
    %%%%%:   49-block  0
call    0 never executed
branch  1 never executed
branch  2 never executed
    #####:   50:            if (!lexState) {
    %%%%%:   50-block  0
branch  0 never executed
branch  1 never executed
        -:   51:                // 开始解析
    #####:   52:                begin = i;
    #####:   53:                lexState = true;
    %%%%%:   53-block  0
        -:   54:            }
        -:   55:        } else {
    #####:   56:            if (lexState) {
    %%%%%:   56-block  0
branch  0 never executed
branch  1 never executed
    #####:   57:                string newStr = str.substr(begin, i - begin);
    %%%%%:   57-block  0
call    0 never executed
branch  1 never executed
branch  2 never executed
    #####:   58:                wordList.push_back(toLowercase(newStr));
    %%%%%:   58-block  0
call    0 never executed
branch  1 never executed
branch  2 never executed
    %%%%%:   58-block  1
call    3 never executed
branch  4 never executed
branch  5 never executed
    %%%%%:   58-block  2
call    6 never executed
branch  7 never executed
branch  8 never executed
    %%%%%:   58-block  3
call    9 never executed
call   10 never executed
    $$$$$:   58-block  4
call   11 never executed
    $$$$$:   58-block  5
    $$$$$:   58-block  6
call   12 never executed
    $$$$$:   58-block  7
    #####:   59:                lexState = false;
    #####:   60:            }
call    0 never executed
    $$$$$:   60-block  0
call    1 never executed
        -:   61:        }
        -:   62:    }
    #####:   63:    if (lexState) {
    %%%%%:   63-block  0
branch  0 never executed
branch  1 never executed
    #####:   64:        wordList.push_back(toLowercase(str.substr(begin)));
    %%%%%:   64-block  0
call    0 never executed
call    1 never executed
branch  2 never executed
branch  3 never executed
    %%%%%:   64-block  1
call    4 never executed
branch  5 never executed
branch  6 never executed
    %%%%%:   64-block  2
call    7 never executed
call    8 never executed
    $$$$$:   64-block  3
call    9 never executed
    $$$$$:   64-block  4
    $$$$$:   64-block  5
call   10 never executed
        -:   65:    }
        -:   66:
    #####:   67:    return r;
    %%%%%:   67-block  0
    %%%%%:   67-block  1
        -:   68:}
        -:   69:
function _Z8readFileRKNSt7__cxx1112basic_stringIcSt11char_traitsIcESaIcEEERS4_ called 0 returned 0% blocks executed 0%
    #####:   70:int readFile(const string &filePath, string &result) {
        -:   71:    // "为处理简单起见，输入的单词文本限定为以.txt扩展名结尾的文件。"
    #####:   72:    int r = 0;
    #####:   73:    if (filePath.substr(filePath.length() - 4) != ".txt") {
    %%%%%:   73-block  0
call    0 never executed
call    1 never executed
branch  2 never executed
branch  3 never executed
    %%%%%:   73-block  1
call    4 never executed
branch  5 never executed
branch  6 never executed
    %%%%%:   73-block  2
call    7 never executed
branch  8 never executed
branch  9 never executed
    $$$$$:   73-block  3
call   10 never executed
    $$$$$:   73-block  4
    #####:   74:        r = ILLEGAL_FILE;
    #####:   75:        throwError(r, (string &) filePath);
    %%%%%:   75-block  0
call    0 never executed
branch  1 never executed
branch  2 never executed
    %%%%%:   75-block  1
call    3 never executed
branch  4 never executed
branch  5 never executed
    %%%%%:   75-block  2
call    6 never executed
    $$$$$:   75-block  3
call    7 never executed
    $$$$$:   75-block  4
        -:   76:    }
    #####:   77:    std::ifstream inFile(filePath.c_str());
    %%%%%:   77-block  0
call    0 never executed
call    1 never executed
branch  2 never executed
branch  3 never executed
    #####:   78:    if (inFile.good()) {
    %%%%%:   78-block  0
call    0 never executed
branch  1 never executed
branch  2 never executed
    %%%%%:   78-block  1
branch  3 never executed
branch  4 never executed
        -:   79:        std::string content((std::istreambuf_iterator<char>(inFile)), // 读取文件内容到字符串中
    #####:   80:                            (std::istreambuf_iterator<char>()));
    %%%%%:   80-block  0
call    0 never executed
call    1 never executed
call    2 never executed
call    3 never executed
branch  4 never executed
branch  5 never executed
    %%%%%:   80-block  1
call    6 never executed
    $$$$$:   80-block  2
    $$$$$:   80-block  3
    $$$$$:   80-block  4
    #####:   81:        result.assign(content);
call    0 never executed
branch  1 never executed
branch  2 never executed
    #####:   82:        inFile.close();
    %%%%%:   82-block  0
call    0 never executed
branch  1 never executed
branch  2 never executed
    #####:   83:    } else {
    %%%%%:   83-block  0
call    0 never executed
    $$$$$:   83-block  1
call    1 never executed
    #####:   84:        throwError(NOT_EXIST_FILE, (string &) filePath);
    %%%%%:   84-block  0
call    0 never executed
branch  1 never executed
branch  2 never executed
    %%%%%:   84-block  1
call    3 never executed
branch  4 never executed
branch  5 never executed
    %%%%%:   84-block  2
call    6 never executed
    $$$$$:   84-block  3
call    7 never executed
    $$$$$:   84-block  4
    #####:   85:        r = -1;
        -:   86:    }
    #####:   87:    return r;
    %%%%%:   87-block  0
    #####:   88:}
    %%%%%:   88-block  0
call    0 never executed
    $$$$$:   88-block  1
call    1 never executed
        -:   89:
function _Z15moreThanOneParaPPc called 0 returned 0% blocks executed 0%
    #####:   90:bool moreThanOnePara(char *argv[]) {
    #####:   91:    return optarg != nullptr
    #####:   92:           && argv[optind] != nullptr
    %%%%%:   92-block  0
branch  0 never executed
branch  1 never executed
    #####:   93:           && argv[optind][0] != '-';
    %%%%%:   93-block  0
branch  0 never executed
branch  1 never executed
    %%%%%:   93-block  1
branch  2 never executed
branch  3 never executed
    %%%%%:   93-block  2
    %%%%%:   93-block  3
    %%%%%:   93-block  4
        -:   94:}
        -:   95:
        -:   96:// command -> Config对象
function _Z13parseArgumentiPPcRNSt7__cxx1112basic_stringIcSt11char_traitsIcESaIcEEE called 0 returned 0% blocks executed 0%
    #####:   97:int parseArgument(int argc, char *argv[], string &result) {
    #####:   98:    int r = 0;
        -:   99:    static struct option long_options[] = {
        -:  100:            {"num",         required_argument, nullptr, 'n'},
        -:  101:            {"wordCount",   required_argument, nullptr, 'w'},
        -:  102:            {"charCount",   required_argument, nullptr, 'c'},
        -:  103:            {"headLimit",   required_argument, nullptr, 'h'},
        -:  104:            {"tailLimit",   required_argument, nullptr, 't'},
        -:  105:            {"rejectLimit", required_argument, nullptr, 'j'},
        -:  106:            {"ring",        no_argument,       nullptr, 'r'},
        -:  107:            {nullptr,       0,                 nullptr, 0}
        -:  108:    };
        -:  109:    int c;
    #####:  110:    Config *config = Config::getInstance();
    %%%%%:  110-block  0
call    0 never executed
    #####:  111:    while ((c = getopt_long(argc, argv, "n:w:c:h:t:j:r", long_options, nullptr)) != -1) {
    %%%%%:  111-block  0
call    0 never executed
branch  1 never executed
branch  2 never executed
    #####:  112:        switch (c) {
    %%%%%:  112-block  0
branch  0 never executed
branch  1 never executed
branch  2 never executed
branch  3 never executed
    #####:  113:            case 'n':
        -:  114:            case 'w':
        -:  115:            case 'c': {
        -:  116:                // file path
    #####:  117:                if (config->getState() != configs::empty) {
    %%%%%:  117-block  0
call    0 never executed
branch  1 never executed
branch  2 never executed
    #####:  118:                    r = MORE_THAN_ONE_STATE;
    #####:  119:                    throwError(r, string(1, (char)c));
    %%%%%:  119-block  0
call    0 never executed
call    1 never executed
branch  2 never executed
branch  3 never executed
    %%%%%:  119-block  1
call    4 never executed
branch  5 never executed
branch  6 never executed
    %%%%%:  119-block  2
call    7 never executed
call    8 never executed
    $$$$$:  119-block  3
call    9 never executed
    $$$$$:  119-block  4
    $$$$$:  119-block  5
call   10 never executed
    $$$$$:  119-block  6
call   11 never executed
        -:  120:                }
        -:  121:                switch (c) {
    #####:  122:                    case 'n':
    #####:  123:                        config->setState(configs::num);
    %%%%%:  123-block  0
call    0 never executed
    #####:  124:                        break;
    #####:  125:                    case 'w':
    #####:  126:                        config->setState(configs::word_count);
    %%%%%:  126-block  0
call    0 never executed
    #####:  127:                        break;
    #####:  128:                    case 'c':
    #####:  129:                        config->setState(configs::char_count);
    %%%%%:  129-block  0
call    0 never executed
    #####:  130:                        break;
    #####:  131:                    default:
    #####:  132:                        break;
    %%%%%:  132-block  0
        -:  133:                }
    #####:  134:                if (optarg == nullptr) {
    %%%%%:  134-block  0
branch  0 never executed
branch  1 never executed
    #####:  135:                    r = LACK_OF_FILE;
    #####:  136:                    throwError(r, NO_INFO);
    %%%%%:  136-block  0
call    0 never executed
call    1 never executed
branch  2 never executed
branch  3 never executed
    %%%%%:  136-block  1
call    4 never executed
branch  5 never executed
branch  6 never executed
    %%%%%:  136-block  2
call    7 never executed
call    8 never executed
    $$$$$:  136-block  3
call    9 never executed
    $$$$$:  136-block  4
    $$$$$:  136-block  5
call   10 never executed
    $$$$$:  136-block  6
call   11 never executed
    #####:  137:                } else if (moreThanOnePara(argv)) {
    %%%%%:  137-block  0
call    0 never executed
branch  1 never executed
branch  2 never executed
        -:  138:                    // 如果选项多于一个参数
    #####:  139:                    r = MORE_THAN_ONE_FILE;
    #####:  140:                    throwError(r, string(1, (char)c));
    %%%%%:  140-block  0
call    0 never executed
call    1 never executed
branch  2 never executed
branch  3 never executed
    %%%%%:  140-block  1
call    4 never executed
branch  5 never executed
branch  6 never executed
    %%%%%:  140-block  2
call    7 never executed
call    8 never executed
    $$$$$:  140-block  3
call    9 never executed
    $$$$$:  140-block  4
    $$$$$:  140-block  5
call   10 never executed
    $$$$$:  140-block  6
call   11 never executed
        -:  141:                }
    #####:  142:                config->setFilePath(optarg);
    %%%%%:  142-block  0
call    0 never executed
call    1 never executed
branch  2 never executed
branch  3 never executed
    %%%%%:  142-block  1
call    4 never executed
branch  5 never executed
branch  6 never executed
    %%%%%:  142-block  2
call    7 never executed
call    8 never executed
    $$$$$:  142-block  3
call    9 never executed
    $$$$$:  142-block  4
    $$$$$:  142-block  5
call   10 never executed
    $$$$$:  142-block  6
call   11 never executed
    #####:  143:                break;
        -:  144:            }
    #####:  145:            case 'h':
        -:  146:            case 't':
        -:  147:            case 'j': {
    #####:  148:                if (optarg == nullptr) {
    %%%%%:  148-block  0
branch  0 never executed
branch  1 never executed
    #####:  149:                    r = LACK_OF_CHAR;
    #####:  150:                    throwError(r, string(1, (char)c));
    %%%%%:  150-block  0
call    0 never executed
call    1 never executed
branch  2 never executed
branch  3 never executed
    %%%%%:  150-block  1
call    4 never executed
branch  5 never executed
branch  6 never executed
    %%%%%:  150-block  2
call    7 never executed
call    8 never executed
    $$$$$:  150-block  3
call    9 never executed
    $$$$$:  150-block  4
    $$$$$:  150-block  5
call   10 never executed
    $$$$$:  150-block  6
call   11 never executed
    #####:  151:                } else if (moreThanOnePara(argv)) {
    %%%%%:  151-block  0
call    0 never executed
branch  1 never executed
branch  2 never executed
    #####:  152:                    r = MORE_THAN_ONE_CHAR;
    #####:  153:                    throwError(r, string(1, (char)c));
    %%%%%:  153-block  0
call    0 never executed
call    1 never executed
branch  2 never executed
branch  3 never executed
    %%%%%:  153-block  1
call    4 never executed
branch  5 never executed
branch  6 never executed
    %%%%%:  153-block  2
call    7 never executed
call    8 never executed
    $$$$$:  153-block  3
call    9 never executed
    $$$$$:  153-block  4
    $$$$$:  153-block  5
call   10 never executed
    $$$$$:  153-block  6
call   11 never executed
    #####:  154:                } else if (!isalpha(optarg[0])) {
    %%%%%:  154-block  0
branch  0 never executed
branch  1 never executed
    #####:  155:                    r = ILLEGAL_PARAMETER_VALUE;
    #####:  156:                    throwError(r, string(1, (char)c));
    %%%%%:  156-block  0
call    0 never executed
call    1 never executed
branch  2 never executed
branch  3 never executed
    %%%%%:  156-block  1
call    4 never executed
branch  5 never executed
branch  6 never executed
    %%%%%:  156-block  2
call    7 never executed
call    8 never executed
    $$$$$:  156-block  3
call    9 never executed
    $$$$$:  156-block  4
    $$$$$:  156-block  5
call   10 never executed
    $$$$$:  156-block  6
call   11 never executed
        -:  157:                }
        -:  158:                switch (c) {
    #####:  159:                    case 'h': {
    #####:  160:                        if (config->getHeadLimit() != -1) {
    %%%%%:  160-block  0
call    0 never executed
branch  1 never executed
branch  2 never executed
    #####:  161:                            r = DUPLICATE_PARAMETER;
    #####:  162:                            throwError(r, string(1, (char)c));
    %%%%%:  162-block  0
call    0 never executed
call    1 never executed
branch  2 never executed
branch  3 never executed
    %%%%%:  162-block  1
call    4 never executed
branch  5 never executed
branch  6 never executed
    %%%%%:  162-block  2
call    7 never executed
call    8 never executed
    $$$$$:  162-block  3
call    9 never executed
    $$$$$:  162-block  4
    $$$$$:  162-block  5
call   10 never executed
    $$$$$:  162-block  6
call   11 never executed
        -:  163:                        }
    #####:  164:                        config->setHeadLimit(char2int(optarg[0]));
    %%%%%:  164-block  0
call    0 never executed
call    1 never executed
    #####:  165:                        break;
        -:  166:                    }
    #####:  167:                    case 't': {
    #####:  168:                        if (config->getTailLimit() != -1) {
    %%%%%:  168-block  0
call    0 never executed
branch  1 never executed
branch  2 never executed
    #####:  169:                            r = DUPLICATE_PARAMETER;
    #####:  170:                            throwError(r, string(1, (char)c));
    %%%%%:  170-block  0
call    0 never executed
call    1 never executed
branch  2 never executed
branch  3 never executed
    %%%%%:  170-block  1
call    4 never executed
branch  5 never executed
branch  6 never executed
    %%%%%:  170-block  2
call    7 never executed
call    8 never executed
    $$$$$:  170-block  3
call    9 never executed
    $$$$$:  170-block  4
    $$$$$:  170-block  5
call   10 never executed
    $$$$$:  170-block  6
call   11 never executed
        -:  171:                        }
    #####:  172:                        config->setTailLimit(char2int(optarg[0]));
    %%%%%:  172-block  0
call    0 never executed
call    1 never executed
    #####:  173:                        break;
        -:  174:                    }
    #####:  175:                    case 'j': {
    #####:  176:                        if (config->getRejectLimit() != -1) {
    %%%%%:  176-block  0
call    0 never executed
branch  1 never executed
branch  2 never executed
    #####:  177:                            r = DUPLICATE_PARAMETER;
    #####:  178:                            throwError(r, string(1, (char)c));
    %%%%%:  178-block  0
call    0 never executed
call    1 never executed
branch  2 never executed
branch  3 never executed
    %%%%%:  178-block  1
call    4 never executed
branch  5 never executed
branch  6 never executed
    %%%%%:  178-block  2
call    7 never executed
call    8 never executed
    $$$$$:  178-block  3
call    9 never executed
    $$$$$:  178-block  4
    $$$$$:  178-block  5
call   10 never executed
    $$$$$:  178-block  6
call   11 never executed
        -:  179:                        }
    #####:  180:                        config->setRejectLimit(char2int(optarg[0]));
    %%%%%:  180-block  0
call    0 never executed
call    1 never executed
    #####:  181:                        break;
        -:  182:                    }
    #####:  183:                    default:
    #####:  184:                        break;
    %%%%%:  184-block  0
        -:  185:                }
    #####:  186:                break;
    %%%%%:  186-block  0
        -:  187:            }
    #####:  188:            case 'r': {
    #####:  189:                if (optarg != nullptr) {
    %%%%%:  189-block  0
branch  0 never executed
branch  1 never executed
    #####:  190:                    r = UNEXPECTED_PARAMETER;
    #####:  191:                    throwError(r, string(1, (char)c));
    %%%%%:  191-block  0
call    0 never executed
call    1 never executed
branch  2 never executed
branch  3 never executed
    %%%%%:  191-block  1
call    4 never executed
branch  5 never executed
branch  6 never executed
    %%%%%:  191-block  2
call    7 never executed
call    8 never executed
    $$$$$:  191-block  3
call    9 never executed
    $$$$$:  191-block  4
    $$$$$:  191-block  5
call   10 never executed
    $$$$$:  191-block  6
call   11 never executed
        -:  192:                }
    #####:  193:                if (config->isRing()) {
    %%%%%:  193-block  0
call    0 never executed
branch  1 never executed
branch  2 never executed
    #####:  194:                    r = DUPLICATE_PARAMETER;
    #####:  195:                    throwError(r, string(1, (char)c));
    %%%%%:  195-block  0
call    0 never executed
call    1 never executed
branch  2 never executed
branch  3 never executed
    %%%%%:  195-block  1
call    4 never executed
branch  5 never executed
branch  6 never executed
    %%%%%:  195-block  2
call    7 never executed
call    8 never executed
    $$$$$:  195-block  3
call    9 never executed
    $$$$$:  195-block  4
    $$$$$:  195-block  5
call   10 never executed
    $$$$$:  195-block  6
call   11 never executed
        -:  196:                }
    #####:  197:                config->setRing(true);
    %%%%%:  197-block  0
call    0 never executed
    #####:  198:                break;
        -:  199:            }
    #####:  200:            default: {
    #####:  201:                if (argv[optind] != nullptr
    %%%%%:  201-block  0
branch  0 never executed
branch  1 never executed
    #####:  202:                    && argv[optind][0] == '-') {
    %%%%%:  202-block  0
branch  0 never executed
branch  1 never executed
    #####:  203:                    r = NOT_EXIST_PARAMETER;
    #####:  204:                    throwError(r, string(1, (char)c));
    %%%%%:  204-block  0
call    0 never executed
call    1 never executed
branch  2 never executed
branch  3 never executed
    %%%%%:  204-block  1
call    4 never executed
branch  5 never executed
branch  6 never executed
    %%%%%:  204-block  2
call    7 never executed
call    8 never executed
    $$$$$:  204-block  3
call    9 never executed
    $$$$$:  204-block  4
    $$$$$:  204-block  5
call   10 never executed
        -:  205:                }
    #####:  206:                break;
    %%%%%:  206-block  0
        -:  207:            }
        -:  208:        }
        -:  209:    }
        -:  210:
    #####:  211:    checkConfig();
    %%%%%:  211-block  0
call    0 never executed
    #####:  212:    if (!config->getFilePath().empty()) {
call    0 never executed
call    1 never executed
branch  2 never executed
branch  3 never executed
    #####:  213:        readFile(config->getFilePath(), result);
    %%%%%:  213-block  0
call    0 never executed
call    1 never executed
        -:  214:    } else {
    #####:  215:        r = -1;
    %%%%%:  215-block  0
        -:  216:    }
    #####:  217:    return r;
    %%%%%:  217-block  0
    %%%%%:  217-block  1
        -:  218:}
        -:  219:
