        -:    0:Source:F:/CLion 2022.3.2/bin/mingw/lib/gcc/x86_64-w64-mingw32/11.2.0/include/c++/ext/new_allocator.h
        -:    0:Graph:F:\develop\cmake-build-debug-coverage\CMakeFiles\coretest.dir\src\core\Utils.cpp.gcno
        -:    0:Data:F:\develop\cmake-build-debug-coverage\CMakeFiles\coretest.dir\src\core\Utils.cpp.gcda
        -:    0:Runs:1
        -:    1:// Allocator that wraps operator new -*- C++ -*-
        -:    2:
        -:    3:// Copyright (C) 2001-2021 Free Software Foundation, Inc.
        -:    4://
        -:    5:// This file is part of the GNU ISO C++ Library.  This library is free
        -:    6:// software; you can redistribute it and/or modify it under the
        -:    7:// terms of the GNU General Public License as published by the
        -:    8:// Free Software Foundation; either version 3, or (at your option)
        -:    9:// any later version.
        -:   10:
        -:   11:// This library is distributed in the hope that it will be useful,
        -:   12:// but WITHOUT ANY WARRANTY; without even the implied warranty of
        -:   13:// MERCHANTABILITY or FITNESS FOR A PARTICULAR PURPOSE.  See the
        -:   14:// GNU General Public License for more details.
        -:   15:
        -:   16:// Under Section 7 of GPL version 3, you are granted additional
        -:   17:// permissions described in the GCC Runtime Library Exception, version
        -:   18:// 3.1, as published by the Free Software Foundation.
        -:   19:
        -:   20:// You should have received a copy of the GNU General Public License and
        -:   21:// a copy of the GCC Runtime Library Exception along with this program;
        -:   22:// see the files COPYING3 and COPYING.RUNTIME respectively.  If not, see
        -:   23:// <http://www.gnu.org/licenses/>.
        -:   24:
        -:   25:/** @file ext/new_allocator.h
        -:   26: *  This file is a GNU extension to the Standard C++ Library.
        -:   27: */
        -:   28:
        -:   29:#ifndef _NEW_ALLOCATOR_H
        -:   30:#define _NEW_ALLOCATOR_H 1
        -:   31:
        -:   32:#include <bits/c++config.h>
        -:   33:#include <new>
        -:   34:#include <bits/functexcept.h>
        -:   35:#include <bits/move.h>
        -:   36:#if __cplusplus >= 201103L
        -:   37:#include <type_traits>
        -:   38:#endif
        -:   39:
        -:   40:namespace __gnu_cxx _GLIBCXX_VISIBILITY(default)
        -:   41:{
        -:   42:_GLIBCXX_BEGIN_NAMESPACE_VERSION
        -:   43:
        -:   44:  /**
        -:   45:   *  @brief  An allocator that uses global new, as per C++03 [20.4.1].
        -:   46:   *  @ingroup allocators
        -:   47:   *
        -:   48:   *  This is precisely the allocator defined in the C++ Standard.
        -:   49:   *    - all allocation calls operator new
        -:   50:   *    - all deallocation calls operator delete
        -:   51:   *
        -:   52:   *  @tparam  _Tp  Type of allocated object.
        -:   53:   */
        -:   54:  template<typename _Tp>
        -:   55:    class new_allocator
        -:   56:    {
        -:   57:    public:
        -:   58:      typedef _Tp        value_type;
        -:   59:      typedef std::size_t     size_type;
        -:   60:      typedef std::ptrdiff_t  difference_type;
        -:   61:#if __cplusplus <= 201703L
        -:   62:      typedef _Tp*       pointer;
        -:   63:      typedef const _Tp* const_pointer;
        -:   64:      typedef _Tp&       reference;
        -:   65:      typedef const _Tp& const_reference;
        -:   66:
        -:   67:      template<typename _Tp1>
        -:   68:	struct rebind
        -:   69:	{ typedef new_allocator<_Tp1> other; };
        -:   70:#endif
        -:   71:
        -:   72:#if __cplusplus >= 201103L
        -:   73:      // _GLIBCXX_RESOLVE_LIB_DEFECTS
        -:   74:      // 2103. propagate_on_container_move_assignment
        -:   75:      typedef std::true_type propagate_on_container_move_assignment;
        -:   76:#endif
        -:   77:
        -:   78:      _GLIBCXX20_CONSTEXPR
    1179*:   79:      new_allocator() _GLIBCXX_USE_NOEXCEPT { }
------------------
_ZN9__gnu_cxx13new_allocatorIP4WordEC2Ev:
function _ZN9__gnu_cxx13new_allocatorIP4WordEC2Ev called 22 returned 100% blocks executed 100%
       22:   79:      new_allocator() _GLIBCXX_USE_NOEXCEPT { }
------------------
_ZN9__gnu_cxx13new_allocatorIPiEC2Ev:
function _ZN9__gnu_cxx13new_allocatorIPiEC2Ev called 6 returned 100% blocks executed 100%
        6:   79:      new_allocator() _GLIBCXX_USE_NOEXCEPT { }
------------------
_ZN9__gnu_cxx13new_allocatorImEC2Ev:
function _ZN9__gnu_cxx13new_allocatorImEC2Ev called 572 returned 100% blocks executed 100%
      572:   79:      new_allocator() _GLIBCXX_USE_NOEXCEPT { }
------------------
_ZN9__gnu_cxx13new_allocatorI4WordEC2Ev:
function _ZN9__gnu_cxx13new_allocatorI4WordEC2Ev called 0 returned 0% blocks executed 0%
    #####:   79:      new_allocator() _GLIBCXX_USE_NOEXCEPT { }
------------------
_ZN9__gnu_cxx13new_allocatorINSt7__cxx1112basic_stringIcSt11char_traitsIcESaIcEEEEC2Ev:
function _ZN9__gnu_cxx13new_allocatorINSt7__cxx1112basic_stringIcSt11char_traitsIcESaIcEEEEC2Ev called 0 returned 0% blocks executed 0%
    #####:   79:      new_allocator() _GLIBCXX_USE_NOEXCEPT { }
------------------
_ZN9__gnu_cxx13new_allocatorISt6vectorIS1_IP4WordSaIS3_EESaIS5_EEEC2Ev:
function _ZN9__gnu_cxx13new_allocatorISt6vectorIS1_IP4WordSaIS3_EESaIS5_EEEC2Ev called 1 returned 100% blocks executed 100%
        1:   79:      new_allocator() _GLIBCXX_USE_NOEXCEPT { }
------------------
_ZN9__gnu_cxx13new_allocatorISt6vectorIP4WordSaIS3_EEEC2Ev:
function _ZN9__gnu_cxx13new_allocatorISt6vectorIP4WordSaIS3_EEEC2Ev called 1 returned 100% blocks executed 100%
        1:   79:      new_allocator() _GLIBCXX_USE_NOEXCEPT { }
------------------
_ZN9__gnu_cxx13new_allocatorISt6vectorIS1_IS1_INSt7__cxx1112basic_stringIcSt11char_traitsIcESaIcEEESaIS7_EESaIS9_EESaISB_EEEC2Ev:
function _ZN9__gnu_cxx13new_allocatorISt6vectorIS1_IS1_INSt7__cxx1112basic_stringIcSt11char_traitsIcESaIcEEESaIS7_EESaIS9_EESaISB_EEEC2Ev called 1 returned 100% blocks executed 100%
        1:   79:      new_allocator() _GLIBCXX_USE_NOEXCEPT { }
------------------
_ZN9__gnu_cxx13new_allocatorISt6vectorIS1_INSt7__cxx1112basic_stringIcSt11char_traitsIcESaIcEEESaIS7_EESaIS9_EEEC2Ev:
function _ZN9__gnu_cxx13new_allocatorISt6vectorIS1_INSt7__cxx1112basic_stringIcSt11char_traitsIcESaIcEEESaIS7_EESaIS9_EEEC2Ev called 1 returned 100% blocks executed 100%
        1:   79:      new_allocator() _GLIBCXX_USE_NOEXCEPT { }
------------------
_ZN9__gnu_cxx13new_allocatorISt6vectorINSt7__cxx1112basic_stringIcSt11char_traitsIcESaIcEEESaIS7_EEEC2Ev:
function _ZN9__gnu_cxx13new_allocatorISt6vectorINSt7__cxx1112basic_stringIcSt11char_traitsIcESaIcEEESaIS7_EEEC2Ev called 0 returned 0% blocks executed 0%
    #####:   79:      new_allocator() _GLIBCXX_USE_NOEXCEPT { }
------------------
_ZN9__gnu_cxx13new_allocatorISt6vectorIS1_IiSaIiEESaIS3_EEEC2Ev:
function _ZN9__gnu_cxx13new_allocatorISt6vectorIS1_IiSaIiEESaIS3_EEEC2Ev called 1 returned 100% blocks executed 100%
        1:   79:      new_allocator() _GLIBCXX_USE_NOEXCEPT { }
------------------
_ZN9__gnu_cxx13new_allocatorISt6vectorIiSaIiEEEC2Ev:
function _ZN9__gnu_cxx13new_allocatorISt6vectorIiSaIiEEEC2Ev called 2 returned 100% blocks executed 100%
        2:   79:      new_allocator() _GLIBCXX_USE_NOEXCEPT { }
------------------
_ZN9__gnu_cxx13new_allocatorIbEC2Ev:
function _ZN9__gnu_cxx13new_allocatorIbEC2Ev called 572 returned 100% blocks executed 100%
      572:   79:      new_allocator() _GLIBCXX_USE_NOEXCEPT { }
------------------
_ZN9__gnu_cxx13new_allocatorIiEC2Ev:
function _ZN9__gnu_cxx13new_allocatorIiEC2Ev called 0 returned 0% blocks executed 0%
    #####:   79:      new_allocator() _GLIBCXX_USE_NOEXCEPT { }
------------------
_ZN9__gnu_cxx13new_allocatorIcEC2Ev:
function _ZN9__gnu_cxx13new_allocatorIcEC2Ev called 0 returned 0% blocks executed 0%
    #####:   79:      new_allocator() _GLIBCXX_USE_NOEXCEPT { }
------------------
        -:   80:
        -:   81:      _GLIBCXX20_CONSTEXPR
  293963*:   82:      new_allocator(const new_allocator&) _GLIBCXX_USE_NOEXCEPT { }
------------------
_ZN9__gnu_cxx13new_allocatorIP4WordEC2ERKS3_:
function _ZN9__gnu_cxx13new_allocatorIP4WordEC2ERKS3_ called 968 returned 100% blocks executed 100%
      968:   82:      new_allocator(const new_allocator&) _GLIBCXX_USE_NOEXCEPT { }
------------------
_ZN9__gnu_cxx13new_allocatorImEC2ERKS1_:
function _ZN9__gnu_cxx13new_allocatorImEC2ERKS1_ called 572 returned 100% blocks executed 100%
      572:   82:      new_allocator(const new_allocator&) _GLIBCXX_USE_NOEXCEPT { }
------------------
_ZN9__gnu_cxx13new_allocatorISt6vectorIS1_IP4WordSaIS3_EESaIS5_EEEC2ERKS8_:
function _ZN9__gnu_cxx13new_allocatorISt6vectorIS1_IP4WordSaIS3_EESaIS5_EEEC2ERKS8_ called 2 returned 100% blocks executed 100%
        2:   82:      new_allocator(const new_allocator&) _GLIBCXX_USE_NOEXCEPT { }
------------------
_ZN9__gnu_cxx13new_allocatorISt6vectorIP4WordSaIS3_EEEC2ERKS6_:
function _ZN9__gnu_cxx13new_allocatorISt6vectorIP4WordSaIS3_EEEC2ERKS6_ called 46 returned 100% blocks executed 100%
       46:   82:      new_allocator(const new_allocator&) _GLIBCXX_USE_NOEXCEPT { }
------------------
_ZN9__gnu_cxx13new_allocatorISt6vectorIS1_IS1_INSt7__cxx1112basic_stringIcSt11char_traitsIcESaIcEEESaIS7_EESaIS9_EESaISB_EEEC2ERKSE_:
function _ZN9__gnu_cxx13new_allocatorISt6vectorIS1_IS1_INSt7__cxx1112basic_stringIcSt11char_traitsIcESaIcEEESaIS7_EESaIS9_EESaISB_EEEC2ERKSE_ called 2 returned 100% blocks executed 100%
        2:   82:      new_allocator(const new_allocator&) _GLIBCXX_USE_NOEXCEPT { }
------------------
_ZN9__gnu_cxx13new_allocatorISt6vectorIS1_INSt7__cxx1112basic_stringIcSt11char_traitsIcESaIcEEESaIS7_EESaIS9_EEEC2ERKSC_:
function _ZN9__gnu_cxx13new_allocatorISt6vectorIS1_INSt7__cxx1112basic_stringIcSt11char_traitsIcESaIcEEESaIS7_EESaIS9_EEEC2ERKSC_ called 46 returned 100% blocks executed 100%
       46:   82:      new_allocator(const new_allocator&) _GLIBCXX_USE_NOEXCEPT { }
------------------
_ZN9__gnu_cxx13new_allocatorISt6vectorINSt7__cxx1112basic_stringIcSt11char_traitsIcESaIcEEESaIS7_EEEC2ERKSA_:
function _ZN9__gnu_cxx13new_allocatorISt6vectorINSt7__cxx1112basic_stringIcSt11char_traitsIcESaIcEEESaIS7_EEEC2ERKSA_ called 0 returned 0% blocks executed 0%
    #####:   82:      new_allocator(const new_allocator&) _GLIBCXX_USE_NOEXCEPT { }
------------------
_ZN9__gnu_cxx13new_allocatorISt6vectorIS1_IiSaIiEESaIS3_EEEC2ERKS6_:
function _ZN9__gnu_cxx13new_allocatorISt6vectorIS1_IiSaIiEESaIS3_EEEC2ERKS6_ called 2 returned 100% blocks executed 100%
        2:   82:      new_allocator(const new_allocator&) _GLIBCXX_USE_NOEXCEPT { }
------------------
_ZN9__gnu_cxx13new_allocatorISt6vectorIiSaIiEEEC2ERKS4_:
function _ZN9__gnu_cxx13new_allocatorISt6vectorIiSaIiEEEC2ERKS4_ called 46 returned 100% blocks executed 100%
       46:   82:      new_allocator(const new_allocator&) _GLIBCXX_USE_NOEXCEPT { }
------------------
_ZN9__gnu_cxx13new_allocatorI4WordEC2ERKS2_:
function _ZN9__gnu_cxx13new_allocatorI4WordEC2ERKS2_ called 10772 returned 100% blocks executed 100%
    10772:   82:      new_allocator(const new_allocator&) _GLIBCXX_USE_NOEXCEPT { }
------------------
_ZN9__gnu_cxx13new_allocatorIcEC2ERKS1_:
function _ZN9__gnu_cxx13new_allocatorIcEC2ERKS1_ called 0 returned 0% blocks executed 0%
    #####:   82:      new_allocator(const new_allocator&) _GLIBCXX_USE_NOEXCEPT { }
------------------
_ZN9__gnu_cxx13new_allocatorIiEC2ERKS1_:
function _ZN9__gnu_cxx13new_allocatorIiEC2ERKS1_ called 281507 returned 100% blocks executed 100%
   281507:   82:      new_allocator(const new_allocator&) _GLIBCXX_USE_NOEXCEPT { }
------------------
_ZN9__gnu_cxx13new_allocatorINSt7__cxx1112basic_stringIcSt11char_traitsIcESaIcEEEEC2ERKS7_:
function _ZN9__gnu_cxx13new_allocatorINSt7__cxx1112basic_stringIcSt11char_traitsIcESaIcEEEEC2ERKS7_ called 0 returned 0% blocks executed 0%
    #####:   82:      new_allocator(const new_allocator&) _GLIBCXX_USE_NOEXCEPT { }
------------------
        -:   83:
        -:   84:      template<typename _Tp1>
        -:   85:	_GLIBCXX20_CONSTEXPR
        -:   86:	new_allocator(const new_allocator<_Tp1>&) _GLIBCXX_USE_NOEXCEPT { }
        -:   87:
        -:   88:#if __cplusplus <= 201703L
    2863*:   89:      ~new_allocator() _GLIBCXX_USE_NOEXCEPT { }
------------------
_ZN9__gnu_cxx13new_allocatorIP4WordED2Ev:
function _ZN9__gnu_cxx13new_allocatorIP4WordED2Ev called 990 returned 100% blocks executed 100%
      990:   89:      ~new_allocator() _GLIBCXX_USE_NOEXCEPT { }
------------------
_ZN9__gnu_cxx13new_allocatorIPiED2Ev:
function _ZN9__gnu_cxx13new_allocatorIPiED2Ev called 6 returned 100% blocks executed 100%
        6:   89:      ~new_allocator() _GLIBCXX_USE_NOEXCEPT { }
------------------
_ZN9__gnu_cxx13new_allocatorImED2Ev:
function _ZN9__gnu_cxx13new_allocatorImED2Ev called 1144 returned 100% blocks executed 100%
     1144:   89:      ~new_allocator() _GLIBCXX_USE_NOEXCEPT { }
------------------
_ZN9__gnu_cxx13new_allocatorISt6vectorIS1_IP4WordSaIS3_EESaIS5_EEED2Ev:
function _ZN9__gnu_cxx13new_allocatorISt6vectorIS1_IP4WordSaIS3_EESaIS5_EEED2Ev called 3 returned 100% blocks executed 100%
        3:   89:      ~new_allocator() _GLIBCXX_USE_NOEXCEPT { }
------------------
_ZN9__gnu_cxx13new_allocatorISt6vectorIP4WordSaIS3_EEED2Ev:
function _ZN9__gnu_cxx13new_allocatorISt6vectorIP4WordSaIS3_EEED2Ev called 47 returned 100% blocks executed 100%
       47:   89:      ~new_allocator() _GLIBCXX_USE_NOEXCEPT { }
------------------
_ZN9__gnu_cxx13new_allocatorISt6vectorIS1_IS1_INSt7__cxx1112basic_stringIcSt11char_traitsIcESaIcEEESaIS7_EESaIS9_EESaISB_EEED2Ev:
function _ZN9__gnu_cxx13new_allocatorISt6vectorIS1_IS1_INSt7__cxx1112basic_stringIcSt11char_traitsIcESaIcEEESaIS7_EESaIS9_EESaISB_EEED2Ev called 3 returned 100% blocks executed 100%
        3:   89:      ~new_allocator() _GLIBCXX_USE_NOEXCEPT { }
------------------
_ZN9__gnu_cxx13new_allocatorISt6vectorIS1_INSt7__cxx1112basic_stringIcSt11char_traitsIcESaIcEEESaIS7_EESaIS9_EEED2Ev:
function _ZN9__gnu_cxx13new_allocatorISt6vectorIS1_INSt7__cxx1112basic_stringIcSt11char_traitsIcESaIcEEESaIS7_EESaIS9_EEED2Ev called 47 returned 100% blocks executed 100%
       47:   89:      ~new_allocator() _GLIBCXX_USE_NOEXCEPT { }
------------------
_ZN9__gnu_cxx13new_allocatorISt6vectorIS1_IiSaIiEESaIS3_EEED2Ev:
function _ZN9__gnu_cxx13new_allocatorISt6vectorIS1_IiSaIiEESaIS3_EEED2Ev called 3 returned 100% blocks executed 100%
        3:   89:      ~new_allocator() _GLIBCXX_USE_NOEXCEPT { }
------------------
_ZN9__gnu_cxx13new_allocatorISt6vectorIiSaIiEEED2Ev:
function _ZN9__gnu_cxx13new_allocatorISt6vectorIiSaIiEEED2Ev called 48 returned 100% blocks executed 100%
       48:   89:      ~new_allocator() _GLIBCXX_USE_NOEXCEPT { }
------------------
_ZN9__gnu_cxx13new_allocatorI4WordED2Ev:
function _ZN9__gnu_cxx13new_allocatorI4WordED2Ev called 0 returned 0% blocks executed 0%
    #####:   89:      ~new_allocator() _GLIBCXX_USE_NOEXCEPT { }
------------------
_ZN9__gnu_cxx13new_allocatorISt6vectorINSt7__cxx1112basic_stringIcSt11char_traitsIcESaIcEEESaIS7_EEED2Ev:
function _ZN9__gnu_cxx13new_allocatorISt6vectorINSt7__cxx1112basic_stringIcSt11char_traitsIcESaIcEEESaIS7_EEED2Ev called 0 returned 0% blocks executed 0%
    #####:   89:      ~new_allocator() _GLIBCXX_USE_NOEXCEPT { }
------------------
_ZN9__gnu_cxx13new_allocatorIbED2Ev:
function _ZN9__gnu_cxx13new_allocatorIbED2Ev called 572 returned 100% blocks executed 100%
      572:   89:      ~new_allocator() _GLIBCXX_USE_NOEXCEPT { }
------------------
_ZN9__gnu_cxx13new_allocatorIiED2Ev:
function _ZN9__gnu_cxx13new_allocatorIiED2Ev called 0 returned 0% blocks executed 0%
    #####:   89:      ~new_allocator() _GLIBCXX_USE_NOEXCEPT { }
------------------
_ZN9__gnu_cxx13new_allocatorINSt7__cxx1112basic_stringIcSt11char_traitsIcESaIcEEEED2Ev:
function _ZN9__gnu_cxx13new_allocatorINSt7__cxx1112basic_stringIcSt11char_traitsIcESaIcEEEED2Ev called 0 returned 0% blocks executed 0%
    #####:   89:      ~new_allocator() _GLIBCXX_USE_NOEXCEPT { }
------------------
_ZN9__gnu_cxx13new_allocatorIcED2Ev:
function _ZN9__gnu_cxx13new_allocatorIcED2Ev called 0 returned 0% blocks executed 0%
    #####:   89:      ~new_allocator() _GLIBCXX_USE_NOEXCEPT { }
------------------
        -:   90:
        -:   91:      pointer
        -:   92:      address(reference __x) const _GLIBCXX_NOEXCEPT
        -:   93:      { return std::__addressof(__x); }
        -:   94:
        -:   95:      const_pointer
        -:   96:      address(const_reference __x) const _GLIBCXX_NOEXCEPT
        -:   97:      { return std::__addressof(__x); }
        -:   98:#endif
        -:   99:
        -:  100:      // NB: __n is permitted to be 0.  The C++ standard says nothing
        -:  101:      // about what the return value is when __n == 0.
        -:  102:      _GLIBCXX_NODISCARD _Tp*
     163*:  103:      allocate(size_type __n, const void* = static_cast<const void*>(0))
        -:  104:      {
        -:  105:#if __cplusplus >= 201103L
        -:  106:	 // _GLIBCXX_RESOLVE_LIB_DEFECTS
        -:  107:	 // 3308. std::allocator<void>().allocate(n)
        -:  108:	 static_assert(sizeof(_Tp) != 0, "cannot allocate incomplete types");
        -:  109:#endif
        -:  110:
     163*:  111:	if (__builtin_expect(__n > this->_M_max_size(), false))
        -:  112:	  {
        -:  113:	    // _GLIBCXX_RESOLVE_LIB_DEFECTS
        -:  114:	    // 3190. allocator::allocate sometimes returns too little storage
    #####:  115:	    if (__n > (std::size_t(-1) / sizeof(_Tp)))
    #####:  116:	      std::__throw_bad_array_new_length();
    #####:  117:	    std::__throw_bad_alloc();
        -:  118:	  }
        -:  119:
        -:  120:#if __cpp_aligned_new
        -:  121:	if (alignof(_Tp) > __STDCPP_DEFAULT_NEW_ALIGNMENT__)
        -:  122:	  {
        -:  123:	    std::align_val_t __al = std::align_val_t(alignof(_Tp));
        -:  124:	    return static_cast<_Tp*>(::operator new(__n * sizeof(_Tp), __al));
        -:  125:	  }
        -:  126:#endif
     163*:  127:	return static_cast<_Tp*>(::operator new(__n * sizeof(_Tp)));
        -:  128:      }
------------------
_ZN9__gnu_cxx13new_allocatorISt6vectorIS1_IP4WordSaIS3_EESaIS5_EEE8allocateEyPKv:
function _ZN9__gnu_cxx13new_allocatorISt6vectorIS1_IP4WordSaIS3_EESaIS5_EEE8allocateEyPKv called 1 returned 100% blocks executed 62%
        1:  103:      allocate(size_type __n, const void* = static_cast<const void*>(0))
        -:  104:      {
        -:  105:#if __cplusplus >= 201103L
        -:  106:	 // _GLIBCXX_RESOLVE_LIB_DEFECTS
        -:  107:	 // 3308. std::allocator<void>().allocate(n)
        -:  108:	 static_assert(sizeof(_Tp) != 0, "cannot allocate incomplete types");
        -:  109:#endif
        -:  110:
        1:  111:	if (__builtin_expect(__n > this->_M_max_size(), false))
        1:  111-block  0
call    0 returned 1
branch  1 taken 0 (fallthrough)
branch  2 taken 1
        -:  112:	  {
        -:  113:	    // _GLIBCXX_RESOLVE_LIB_DEFECTS
        -:  114:	    // 3190. allocator::allocate sometimes returns too little storage
    #####:  115:	    if (__n > (std::size_t(-1) / sizeof(_Tp)))
    %%%%%:  115-block  0
branch  0 never executed
branch  1 never executed
    #####:  116:	      std::__throw_bad_array_new_length();
    %%%%%:  116-block  0
call    0 never executed
    #####:  117:	    std::__throw_bad_alloc();
    %%%%%:  117-block  0
call    0 never executed
        -:  118:	  }
        -:  119:
        -:  120:#if __cpp_aligned_new
        -:  121:	if (alignof(_Tp) > __STDCPP_DEFAULT_NEW_ALIGNMENT__)
        -:  122:	  {
        -:  123:	    std::align_val_t __al = std::align_val_t(alignof(_Tp));
        -:  124:	    return static_cast<_Tp*>(::operator new(__n * sizeof(_Tp), __al));
        -:  125:	  }
        -:  126:#endif
        1:  127:	return static_cast<_Tp*>(::operator new(__n * sizeof(_Tp)));
        1:  127-block  0
call    0 returned 1
        -:  128:      }
------------------
_ZN9__gnu_cxx13new_allocatorISt6vectorIP4WordSaIS3_EEE8allocateEyPKv:
function _ZN9__gnu_cxx13new_allocatorISt6vectorIP4WordSaIS3_EEE8allocateEyPKv called 23 returned 100% blocks executed 62%
       23:  103:      allocate(size_type __n, const void* = static_cast<const void*>(0))
        -:  104:      {
        -:  105:#if __cplusplus >= 201103L
        -:  106:	 // _GLIBCXX_RESOLVE_LIB_DEFECTS
        -:  107:	 // 3308. std::allocator<void>().allocate(n)
        -:  108:	 static_assert(sizeof(_Tp) != 0, "cannot allocate incomplete types");
        -:  109:#endif
        -:  110:
       23:  111:	if (__builtin_expect(__n > this->_M_max_size(), false))
       23:  111-block  0
call    0 returned 23
branch  1 taken 0 (fallthrough)
branch  2 taken 23
        -:  112:	  {
        -:  113:	    // _GLIBCXX_RESOLVE_LIB_DEFECTS
        -:  114:	    // 3190. allocator::allocate sometimes returns too little storage
    #####:  115:	    if (__n > (std::size_t(-1) / sizeof(_Tp)))
    %%%%%:  115-block  0
branch  0 never executed
branch  1 never executed
    #####:  116:	      std::__throw_bad_array_new_length();
    %%%%%:  116-block  0
call    0 never executed
    #####:  117:	    std::__throw_bad_alloc();
    %%%%%:  117-block  0
call    0 never executed
        -:  118:	  }
        -:  119:
        -:  120:#if __cpp_aligned_new
        -:  121:	if (alignof(_Tp) > __STDCPP_DEFAULT_NEW_ALIGNMENT__)
        -:  122:	  {
        -:  123:	    std::align_val_t __al = std::align_val_t(alignof(_Tp));
        -:  124:	    return static_cast<_Tp*>(::operator new(__n * sizeof(_Tp), __al));
        -:  125:	  }
        -:  126:#endif
       23:  127:	return static_cast<_Tp*>(::operator new(__n * sizeof(_Tp)));
       23:  127-block  0
call    0 returned 23
        -:  128:      }
------------------
_ZN9__gnu_cxx13new_allocatorISt6vectorIS1_IS1_INSt7__cxx1112basic_stringIcSt11char_traitsIcESaIcEEESaIS7_EESaIS9_EESaISB_EEE8allocateEyPKv:
function _ZN9__gnu_cxx13new_allocatorISt6vectorIS1_IS1_INSt7__cxx1112basic_stringIcSt11char_traitsIcESaIcEEESaIS7_EESaIS9_EESaISB_EEE8allocateEyPKv called 1 returned 100% blocks executed 62%
        1:  103:      allocate(size_type __n, const void* = static_cast<const void*>(0))
        -:  104:      {
        -:  105:#if __cplusplus >= 201103L
        -:  106:	 // _GLIBCXX_RESOLVE_LIB_DEFECTS
        -:  107:	 // 3308. std::allocator<void>().allocate(n)
        -:  108:	 static_assert(sizeof(_Tp) != 0, "cannot allocate incomplete types");
        -:  109:#endif
        -:  110:
        1:  111:	if (__builtin_expect(__n > this->_M_max_size(), false))
        1:  111-block  0
call    0 returned 1
branch  1 taken 0 (fallthrough)
branch  2 taken 1
        -:  112:	  {
        -:  113:	    // _GLIBCXX_RESOLVE_LIB_DEFECTS
        -:  114:	    // 3190. allocator::allocate sometimes returns too little storage
    #####:  115:	    if (__n > (std::size_t(-1) / sizeof(_Tp)))
    %%%%%:  115-block  0
branch  0 never executed
branch  1 never executed
    #####:  116:	      std::__throw_bad_array_new_length();
    %%%%%:  116-block  0
call    0 never executed
    #####:  117:	    std::__throw_bad_alloc();
    %%%%%:  117-block  0
call    0 never executed
        -:  118:	  }
        -:  119:
        -:  120:#if __cpp_aligned_new
        -:  121:	if (alignof(_Tp) > __STDCPP_DEFAULT_NEW_ALIGNMENT__)
        -:  122:	  {
        -:  123:	    std::align_val_t __al = std::align_val_t(alignof(_Tp));
        -:  124:	    return static_cast<_Tp*>(::operator new(__n * sizeof(_Tp), __al));
        -:  125:	  }
        -:  126:#endif
        1:  127:	return static_cast<_Tp*>(::operator new(__n * sizeof(_Tp)));
        1:  127-block  0
call    0 returned 1
        -:  128:      }
------------------
_ZN9__gnu_cxx13new_allocatorISt6vectorIS1_INSt7__cxx1112basic_stringIcSt11char_traitsIcESaIcEEESaIS7_EESaIS9_EEE8allocateEyPKv:
function _ZN9__gnu_cxx13new_allocatorISt6vectorIS1_INSt7__cxx1112basic_stringIcSt11char_traitsIcESaIcEEESaIS7_EESaIS9_EEE8allocateEyPKv called 23 returned 100% blocks executed 62%
       23:  103:      allocate(size_type __n, const void* = static_cast<const void*>(0))
        -:  104:      {
        -:  105:#if __cplusplus >= 201103L
        -:  106:	 // _GLIBCXX_RESOLVE_LIB_DEFECTS
        -:  107:	 // 3308. std::allocator<void>().allocate(n)
        -:  108:	 static_assert(sizeof(_Tp) != 0, "cannot allocate incomplete types");
        -:  109:#endif
        -:  110:
       23:  111:	if (__builtin_expect(__n > this->_M_max_size(), false))
       23:  111-block  0
call    0 returned 23
branch  1 taken 0 (fallthrough)
branch  2 taken 23
        -:  112:	  {
        -:  113:	    // _GLIBCXX_RESOLVE_LIB_DEFECTS
        -:  114:	    // 3190. allocator::allocate sometimes returns too little storage
    #####:  115:	    if (__n > (std::size_t(-1) / sizeof(_Tp)))
    %%%%%:  115-block  0
branch  0 never executed
branch  1 never executed
    #####:  116:	      std::__throw_bad_array_new_length();
    %%%%%:  116-block  0
call    0 never executed
    #####:  117:	    std::__throw_bad_alloc();
    %%%%%:  117-block  0
call    0 never executed
        -:  118:	  }
        -:  119:
        -:  120:#if __cpp_aligned_new
        -:  121:	if (alignof(_Tp) > __STDCPP_DEFAULT_NEW_ALIGNMENT__)
        -:  122:	  {
        -:  123:	    std::align_val_t __al = std::align_val_t(alignof(_Tp));
        -:  124:	    return static_cast<_Tp*>(::operator new(__n * sizeof(_Tp), __al));
        -:  125:	  }
        -:  126:#endif
       23:  127:	return static_cast<_Tp*>(::operator new(__n * sizeof(_Tp)));
       23:  127-block  0
call    0 returned 23
        -:  128:      }
------------------
_ZN9__gnu_cxx13new_allocatorISt6vectorIS1_IiSaIiEESaIS3_EEE8allocateEyPKv:
function _ZN9__gnu_cxx13new_allocatorISt6vectorIS1_IiSaIiEESaIS3_EEE8allocateEyPKv called 1 returned 100% blocks executed 62%
        1:  103:      allocate(size_type __n, const void* = static_cast<const void*>(0))
        -:  104:      {
        -:  105:#if __cplusplus >= 201103L
        -:  106:	 // _GLIBCXX_RESOLVE_LIB_DEFECTS
        -:  107:	 // 3308. std::allocator<void>().allocate(n)
        -:  108:	 static_assert(sizeof(_Tp) != 0, "cannot allocate incomplete types");
        -:  109:#endif
        -:  110:
        1:  111:	if (__builtin_expect(__n > this->_M_max_size(), false))
        1:  111-block  0
call    0 returned 1
branch  1 taken 0 (fallthrough)
branch  2 taken 1
        -:  112:	  {
        -:  113:	    // _GLIBCXX_RESOLVE_LIB_DEFECTS
        -:  114:	    // 3190. allocator::allocate sometimes returns too little storage
    #####:  115:	    if (__n > (std::size_t(-1) / sizeof(_Tp)))
    %%%%%:  115-block  0
branch  0 never executed
branch  1 never executed
    #####:  116:	      std::__throw_bad_array_new_length();
    %%%%%:  116-block  0
call    0 never executed
    #####:  117:	    std::__throw_bad_alloc();
    %%%%%:  117-block  0
call    0 never executed
        -:  118:	  }
        -:  119:
        -:  120:#if __cpp_aligned_new
        -:  121:	if (alignof(_Tp) > __STDCPP_DEFAULT_NEW_ALIGNMENT__)
        -:  122:	  {
        -:  123:	    std::align_val_t __al = std::align_val_t(alignof(_Tp));
        -:  124:	    return static_cast<_Tp*>(::operator new(__n * sizeof(_Tp), __al));
        -:  125:	  }
        -:  126:#endif
        1:  127:	return static_cast<_Tp*>(::operator new(__n * sizeof(_Tp)));
        1:  127-block  0
call    0 returned 1
        -:  128:      }
------------------
_ZN9__gnu_cxx13new_allocatorIP4WordE8allocateEyPKv:
function _ZN9__gnu_cxx13new_allocatorIP4WordE8allocateEyPKv called 4 returned 100% blocks executed 62%
        4:  103:      allocate(size_type __n, const void* = static_cast<const void*>(0))
        -:  104:      {
        -:  105:#if __cplusplus >= 201103L
        -:  106:	 // _GLIBCXX_RESOLVE_LIB_DEFECTS
        -:  107:	 // 3308. std::allocator<void>().allocate(n)
        -:  108:	 static_assert(sizeof(_Tp) != 0, "cannot allocate incomplete types");
        -:  109:#endif
        -:  110:
        4:  111:	if (__builtin_expect(__n > this->_M_max_size(), false))
        4:  111-block  0
call    0 returned 4
branch  1 taken 0 (fallthrough)
branch  2 taken 4
        -:  112:	  {
        -:  113:	    // _GLIBCXX_RESOLVE_LIB_DEFECTS
        -:  114:	    // 3190. allocator::allocate sometimes returns too little storage
    #####:  115:	    if (__n > (std::size_t(-1) / sizeof(_Tp)))
    %%%%%:  115-block  0
branch  0 never executed
branch  1 never executed
    #####:  116:	      std::__throw_bad_array_new_length();
    %%%%%:  116-block  0
call    0 never executed
    #####:  117:	    std::__throw_bad_alloc();
    %%%%%:  117-block  0
call    0 never executed
        -:  118:	  }
        -:  119:
        -:  120:#if __cpp_aligned_new
        -:  121:	if (alignof(_Tp) > __STDCPP_DEFAULT_NEW_ALIGNMENT__)
        -:  122:	  {
        -:  123:	    std::align_val_t __al = std::align_val_t(alignof(_Tp));
        -:  124:	    return static_cast<_Tp*>(::operator new(__n * sizeof(_Tp), __al));
        -:  125:	  }
        -:  126:#endif
        4:  127:	return static_cast<_Tp*>(::operator new(__n * sizeof(_Tp)));
        4:  127-block  0
call    0 returned 4
        -:  128:      }
------------------
_ZN9__gnu_cxx13new_allocatorIPiE8allocateEyPKv:
function _ZN9__gnu_cxx13new_allocatorIPiE8allocateEyPKv called 3 returned 100% blocks executed 62%
        3:  103:      allocate(size_type __n, const void* = static_cast<const void*>(0))
        -:  104:      {
        -:  105:#if __cplusplus >= 201103L
        -:  106:	 // _GLIBCXX_RESOLVE_LIB_DEFECTS
        -:  107:	 // 3308. std::allocator<void>().allocate(n)
        -:  108:	 static_assert(sizeof(_Tp) != 0, "cannot allocate incomplete types");
        -:  109:#endif
        -:  110:
        3:  111:	if (__builtin_expect(__n > this->_M_max_size(), false))
        3:  111-block  0
call    0 returned 3
branch  1 taken 0 (fallthrough)
branch  2 taken 3
        -:  112:	  {
        -:  113:	    // _GLIBCXX_RESOLVE_LIB_DEFECTS
        -:  114:	    // 3190. allocator::allocate sometimes returns too little storage
    #####:  115:	    if (__n > (std::size_t(-1) / sizeof(_Tp)))
    %%%%%:  115-block  0
branch  0 never executed
branch  1 never executed
    #####:  116:	      std::__throw_bad_array_new_length();
    %%%%%:  116-block  0
call    0 never executed
    #####:  117:	    std::__throw_bad_alloc();
    %%%%%:  117-block  0
call    0 never executed
        -:  118:	  }
        -:  119:
        -:  120:#if __cpp_aligned_new
        -:  121:	if (alignof(_Tp) > __STDCPP_DEFAULT_NEW_ALIGNMENT__)
        -:  122:	  {
        -:  123:	    std::align_val_t __al = std::align_val_t(alignof(_Tp));
        -:  124:	    return static_cast<_Tp*>(::operator new(__n * sizeof(_Tp), __al));
        -:  125:	  }
        -:  126:#endif
        3:  127:	return static_cast<_Tp*>(::operator new(__n * sizeof(_Tp)));
        3:  127-block  0
call    0 returned 3
        -:  128:      }
------------------
_ZN9__gnu_cxx13new_allocatorI4WordE8allocateEyPKv:
function _ZN9__gnu_cxx13new_allocatorI4WordE8allocateEyPKv called 0 returned 0% blocks executed 0%
    #####:  103:      allocate(size_type __n, const void* = static_cast<const void*>(0))
        -:  104:      {
        -:  105:#if __cplusplus >= 201103L
        -:  106:	 // _GLIBCXX_RESOLVE_LIB_DEFECTS
        -:  107:	 // 3308. std::allocator<void>().allocate(n)
        -:  108:	 static_assert(sizeof(_Tp) != 0, "cannot allocate incomplete types");
        -:  109:#endif
        -:  110:
    #####:  111:	if (__builtin_expect(__n > this->_M_max_size(), false))
    %%%%%:  111-block  0
call    0 never executed
branch  1 never executed
branch  2 never executed
        -:  112:	  {
        -:  113:	    // _GLIBCXX_RESOLVE_LIB_DEFECTS
        -:  114:	    // 3190. allocator::allocate sometimes returns too little storage
    #####:  115:	    if (__n > (std::size_t(-1) / sizeof(_Tp)))
    %%%%%:  115-block  0
branch  0 never executed
branch  1 never executed
    #####:  116:	      std::__throw_bad_array_new_length();
    %%%%%:  116-block  0
call    0 never executed
    #####:  117:	    std::__throw_bad_alloc();
    %%%%%:  117-block  0
call    0 never executed
        -:  118:	  }
        -:  119:
        -:  120:#if __cpp_aligned_new
        -:  121:	if (alignof(_Tp) > __STDCPP_DEFAULT_NEW_ALIGNMENT__)
        -:  122:	  {
        -:  123:	    std::align_val_t __al = std::align_val_t(alignof(_Tp));
        -:  124:	    return static_cast<_Tp*>(::operator new(__n * sizeof(_Tp), __al));
        -:  125:	  }
        -:  126:#endif
    #####:  127:	return static_cast<_Tp*>(::operator new(__n * sizeof(_Tp)));
    %%%%%:  127-block  0
call    0 never executed
        -:  128:      }
------------------
_ZN9__gnu_cxx13new_allocatorImE8allocateEyPKv:
function _ZN9__gnu_cxx13new_allocatorImE8allocateEyPKv called 78 returned 100% blocks executed 62%
       78:  103:      allocate(size_type __n, const void* = static_cast<const void*>(0))
        -:  104:      {
        -:  105:#if __cplusplus >= 201103L
        -:  106:	 // _GLIBCXX_RESOLVE_LIB_DEFECTS
        -:  107:	 // 3308. std::allocator<void>().allocate(n)
        -:  108:	 static_assert(sizeof(_Tp) != 0, "cannot allocate incomplete types");
        -:  109:#endif
        -:  110:
       78:  111:	if (__builtin_expect(__n > this->_M_max_size(), false))
       78:  111-block  0
call    0 returned 78
branch  1 taken 0 (fallthrough)
branch  2 taken 78
        -:  112:	  {
        -:  113:	    // _GLIBCXX_RESOLVE_LIB_DEFECTS
        -:  114:	    // 3190. allocator::allocate sometimes returns too little storage
    #####:  115:	    if (__n > (std::size_t(-1) / sizeof(_Tp)))
    %%%%%:  115-block  0
branch  0 never executed
branch  1 never executed
    #####:  116:	      std::__throw_bad_array_new_length();
    %%%%%:  116-block  0
call    0 never executed
    #####:  117:	    std::__throw_bad_alloc();
    %%%%%:  117-block  0
call    0 never executed
        -:  118:	  }
        -:  119:
        -:  120:#if __cpp_aligned_new
        -:  121:	if (alignof(_Tp) > __STDCPP_DEFAULT_NEW_ALIGNMENT__)
        -:  122:	  {
        -:  123:	    std::align_val_t __al = std::align_val_t(alignof(_Tp));
        -:  124:	    return static_cast<_Tp*>(::operator new(__n * sizeof(_Tp), __al));
        -:  125:	  }
        -:  126:#endif
       78:  127:	return static_cast<_Tp*>(::operator new(__n * sizeof(_Tp)));
       78:  127-block  0
call    0 returned 78
        -:  128:      }
------------------
_ZN9__gnu_cxx13new_allocatorISt6vectorIiSaIiEEE8allocateEyPKv:
function _ZN9__gnu_cxx13new_allocatorISt6vectorIiSaIiEEE8allocateEyPKv called 29 returned 100% blocks executed 62%
       29:  103:      allocate(size_type __n, const void* = static_cast<const void*>(0))
        -:  104:      {
        -:  105:#if __cplusplus >= 201103L
        -:  106:	 // _GLIBCXX_RESOLVE_LIB_DEFECTS
        -:  107:	 // 3308. std::allocator<void>().allocate(n)
        -:  108:	 static_assert(sizeof(_Tp) != 0, "cannot allocate incomplete types");
        -:  109:#endif
        -:  110:
       29:  111:	if (__builtin_expect(__n > this->_M_max_size(), false))
       29:  111-block  0
call    0 returned 29
branch  1 taken 0 (fallthrough)
branch  2 taken 29
        -:  112:	  {
        -:  113:	    // _GLIBCXX_RESOLVE_LIB_DEFECTS
        -:  114:	    // 3190. allocator::allocate sometimes returns too little storage
    #####:  115:	    if (__n > (std::size_t(-1) / sizeof(_Tp)))
    %%%%%:  115-block  0
branch  0 never executed
branch  1 never executed
    #####:  116:	      std::__throw_bad_array_new_length();
    %%%%%:  116-block  0
call    0 never executed
    #####:  117:	    std::__throw_bad_alloc();
    %%%%%:  117-block  0
call    0 never executed
        -:  118:	  }
        -:  119:
        -:  120:#if __cpp_aligned_new
        -:  121:	if (alignof(_Tp) > __STDCPP_DEFAULT_NEW_ALIGNMENT__)
        -:  122:	  {
        -:  123:	    std::align_val_t __al = std::align_val_t(alignof(_Tp));
        -:  124:	    return static_cast<_Tp*>(::operator new(__n * sizeof(_Tp), __al));
        -:  125:	  }
        -:  126:#endif
       29:  127:	return static_cast<_Tp*>(::operator new(__n * sizeof(_Tp)));
       29:  127-block  0
call    0 returned 29
        -:  128:      }
------------------
_ZN9__gnu_cxx13new_allocatorISt6vectorINSt7__cxx1112basic_stringIcSt11char_traitsIcESaIcEEESaIS7_EEE8allocateEyPKv:
function _ZN9__gnu_cxx13new_allocatorISt6vectorINSt7__cxx1112basic_stringIcSt11char_traitsIcESaIcEEESaIS7_EEE8allocateEyPKv called 0 returned 0% blocks executed 0%
    #####:  103:      allocate(size_type __n, const void* = static_cast<const void*>(0))
        -:  104:      {
        -:  105:#if __cplusplus >= 201103L
        -:  106:	 // _GLIBCXX_RESOLVE_LIB_DEFECTS
        -:  107:	 // 3308. std::allocator<void>().allocate(n)
        -:  108:	 static_assert(sizeof(_Tp) != 0, "cannot allocate incomplete types");
        -:  109:#endif
        -:  110:
    #####:  111:	if (__builtin_expect(__n > this->_M_max_size(), false))
    %%%%%:  111-block  0
call    0 never executed
branch  1 never executed
branch  2 never executed
        -:  112:	  {
        -:  113:	    // _GLIBCXX_RESOLVE_LIB_DEFECTS
        -:  114:	    // 3190. allocator::allocate sometimes returns too little storage
    #####:  115:	    if (__n > (std::size_t(-1) / sizeof(_Tp)))
    %%%%%:  115-block  0
branch  0 never executed
branch  1 never executed
    #####:  116:	      std::__throw_bad_array_new_length();
    %%%%%:  116-block  0
call    0 never executed
    #####:  117:	    std::__throw_bad_alloc();
    %%%%%:  117-block  0
call    0 never executed
        -:  118:	  }
        -:  119:
        -:  120:#if __cpp_aligned_new
        -:  121:	if (alignof(_Tp) > __STDCPP_DEFAULT_NEW_ALIGNMENT__)
        -:  122:	  {
        -:  123:	    std::align_val_t __al = std::align_val_t(alignof(_Tp));
        -:  124:	    return static_cast<_Tp*>(::operator new(__n * sizeof(_Tp), __al));
        -:  125:	  }
        -:  126:#endif
    #####:  127:	return static_cast<_Tp*>(::operator new(__n * sizeof(_Tp)));
    %%%%%:  127-block  0
call    0 never executed
        -:  128:      }
------------------
_ZN9__gnu_cxx13new_allocatorIiE8allocateEyPKv:
function _ZN9__gnu_cxx13new_allocatorIiE8allocateEyPKv called 0 returned 0% blocks executed 0%
    #####:  103:      allocate(size_type __n, const void* = static_cast<const void*>(0))
        -:  104:      {
        -:  105:#if __cplusplus >= 201103L
        -:  106:	 // _GLIBCXX_RESOLVE_LIB_DEFECTS
        -:  107:	 // 3308. std::allocator<void>().allocate(n)
        -:  108:	 static_assert(sizeof(_Tp) != 0, "cannot allocate incomplete types");
        -:  109:#endif
        -:  110:
    #####:  111:	if (__builtin_expect(__n > this->_M_max_size(), false))
    %%%%%:  111-block  0
call    0 never executed
branch  1 never executed
branch  2 never executed
        -:  112:	  {
        -:  113:	    // _GLIBCXX_RESOLVE_LIB_DEFECTS
        -:  114:	    // 3190. allocator::allocate sometimes returns too little storage
    #####:  115:	    if (__n > (std::size_t(-1) / sizeof(_Tp)))
    %%%%%:  115-block  0
branch  0 never executed
branch  1 never executed
    #####:  116:	      std::__throw_bad_array_new_length();
    %%%%%:  116-block  0
call    0 never executed
    #####:  117:	    std::__throw_bad_alloc();
    %%%%%:  117-block  0
call    0 never executed
        -:  118:	  }
        -:  119:
        -:  120:#if __cpp_aligned_new
        -:  121:	if (alignof(_Tp) > __STDCPP_DEFAULT_NEW_ALIGNMENT__)
        -:  122:	  {
        -:  123:	    std::align_val_t __al = std::align_val_t(alignof(_Tp));
        -:  124:	    return static_cast<_Tp*>(::operator new(__n * sizeof(_Tp), __al));
        -:  125:	  }
        -:  126:#endif
    #####:  127:	return static_cast<_Tp*>(::operator new(__n * sizeof(_Tp)));
    %%%%%:  127-block  0
call    0 never executed
        -:  128:      }
------------------
_ZN9__gnu_cxx13new_allocatorINSt7__cxx1112basic_stringIcSt11char_traitsIcESaIcEEEE8allocateEyPKv:
function _ZN9__gnu_cxx13new_allocatorINSt7__cxx1112basic_stringIcSt11char_traitsIcESaIcEEEE8allocateEyPKv called 0 returned 0% blocks executed 0%
    #####:  103:      allocate(size_type __n, const void* = static_cast<const void*>(0))
        -:  104:      {
        -:  105:#if __cplusplus >= 201103L
        -:  106:	 // _GLIBCXX_RESOLVE_LIB_DEFECTS
        -:  107:	 // 3308. std::allocator<void>().allocate(n)
        -:  108:	 static_assert(sizeof(_Tp) != 0, "cannot allocate incomplete types");
        -:  109:#endif
        -:  110:
    #####:  111:	if (__builtin_expect(__n > this->_M_max_size(), false))
    %%%%%:  111-block  0
call    0 never executed
branch  1 never executed
branch  2 never executed
        -:  112:	  {
        -:  113:	    // _GLIBCXX_RESOLVE_LIB_DEFECTS
        -:  114:	    // 3190. allocator::allocate sometimes returns too little storage
    #####:  115:	    if (__n > (std::size_t(-1) / sizeof(_Tp)))
    %%%%%:  115-block  0
branch  0 never executed
branch  1 never executed
    #####:  116:	      std::__throw_bad_array_new_length();
    %%%%%:  116-block  0
call    0 never executed
    #####:  117:	    std::__throw_bad_alloc();
    %%%%%:  117-block  0
call    0 never executed
        -:  118:	  }
        -:  119:
        -:  120:#if __cpp_aligned_new
        -:  121:	if (alignof(_Tp) > __STDCPP_DEFAULT_NEW_ALIGNMENT__)
        -:  122:	  {
        -:  123:	    std::align_val_t __al = std::align_val_t(alignof(_Tp));
        -:  124:	    return static_cast<_Tp*>(::operator new(__n * sizeof(_Tp), __al));
        -:  125:	  }
        -:  126:#endif
    #####:  127:	return static_cast<_Tp*>(::operator new(__n * sizeof(_Tp)));
    %%%%%:  127-block  0
call    0 never executed
        -:  128:      }
------------------
        -:  129:
        -:  130:      // __p is not permitted to be a null pointer.
        -:  131:      void
     163*:  132:      deallocate(_Tp* __p, size_type __t __attribute__ ((__unused__)))
        -:  133:      {
        -:  134:#if __cpp_aligned_new
        -:  135:	if (alignof(_Tp) > __STDCPP_DEFAULT_NEW_ALIGNMENT__)
        -:  136:	  {
        -:  137:	    ::operator delete(__p,
        -:  138:# if __cpp_sized_deallocation
        -:  139:			      __t * sizeof(_Tp),
        -:  140:# endif
        -:  141:			      std::align_val_t(alignof(_Tp)));
        -:  142:	    return;
        -:  143:	  }
        -:  144:#endif
     163*:  145:	::operator delete(__p
        -:  146:#if __cpp_sized_deallocation
        -:  147:			  , __t * sizeof(_Tp)
        -:  148:#endif
        -:  149:			 );
     163*:  150:      }
------------------
_ZN9__gnu_cxx13new_allocatorIP4WordE10deallocateEPS2_y:
function _ZN9__gnu_cxx13new_allocatorIP4WordE10deallocateEPS2_y called 4 returned 100% blocks executed 100%
        4:  132:      deallocate(_Tp* __p, size_type __t __attribute__ ((__unused__)))
        -:  133:      {
        -:  134:#if __cpp_aligned_new
        -:  135:	if (alignof(_Tp) > __STDCPP_DEFAULT_NEW_ALIGNMENT__)
        -:  136:	  {
        -:  137:	    ::operator delete(__p,
        -:  138:# if __cpp_sized_deallocation
        -:  139:			      __t * sizeof(_Tp),
        -:  140:# endif
        -:  141:			      std::align_val_t(alignof(_Tp)));
        -:  142:	    return;
        -:  143:	  }
        -:  144:#endif
        4:  145:	::operator delete(__p
        4:  145-block  0
call    0 returned 4
        -:  146:#if __cpp_sized_deallocation
        -:  147:			  , __t * sizeof(_Tp)
        -:  148:#endif
        -:  149:			 );
        4:  150:      }
------------------
_ZN9__gnu_cxx13new_allocatorISt6vectorIS1_IP4WordSaIS3_EESaIS5_EEE10deallocateEPS7_y:
function _ZN9__gnu_cxx13new_allocatorISt6vectorIS1_IP4WordSaIS3_EESaIS5_EEE10deallocateEPS7_y called 1 returned 100% blocks executed 100%
        1:  132:      deallocate(_Tp* __p, size_type __t __attribute__ ((__unused__)))
        -:  133:      {
        -:  134:#if __cpp_aligned_new
        -:  135:	if (alignof(_Tp) > __STDCPP_DEFAULT_NEW_ALIGNMENT__)
        -:  136:	  {
        -:  137:	    ::operator delete(__p,
        -:  138:# if __cpp_sized_deallocation
        -:  139:			      __t * sizeof(_Tp),
        -:  140:# endif
        -:  141:			      std::align_val_t(alignof(_Tp)));
        -:  142:	    return;
        -:  143:	  }
        -:  144:#endif
        1:  145:	::operator delete(__p
        1:  145-block  0
call    0 returned 1
        -:  146:#if __cpp_sized_deallocation
        -:  147:			  , __t * sizeof(_Tp)
        -:  148:#endif
        -:  149:			 );
        1:  150:      }
------------------
_ZN9__gnu_cxx13new_allocatorISt6vectorIP4WordSaIS3_EEE10deallocateEPS5_y:
function _ZN9__gnu_cxx13new_allocatorISt6vectorIP4WordSaIS3_EEE10deallocateEPS5_y called 23 returned 100% blocks executed 100%
       23:  132:      deallocate(_Tp* __p, size_type __t __attribute__ ((__unused__)))
        -:  133:      {
        -:  134:#if __cpp_aligned_new
        -:  135:	if (alignof(_Tp) > __STDCPP_DEFAULT_NEW_ALIGNMENT__)
        -:  136:	  {
        -:  137:	    ::operator delete(__p,
        -:  138:# if __cpp_sized_deallocation
        -:  139:			      __t * sizeof(_Tp),
        -:  140:# endif
        -:  141:			      std::align_val_t(alignof(_Tp)));
        -:  142:	    return;
        -:  143:	  }
        -:  144:#endif
       23:  145:	::operator delete(__p
       23:  145-block  0
call    0 returned 23
        -:  146:#if __cpp_sized_deallocation
        -:  147:			  , __t * sizeof(_Tp)
        -:  148:#endif
        -:  149:			 );
       23:  150:      }
------------------
_ZN9__gnu_cxx13new_allocatorISt6vectorIS1_IS1_INSt7__cxx1112basic_stringIcSt11char_traitsIcESaIcEEESaIS7_EESaIS9_EESaISB_EEE10deallocateEPSD_y:
function _ZN9__gnu_cxx13new_allocatorISt6vectorIS1_IS1_INSt7__cxx1112basic_stringIcSt11char_traitsIcESaIcEEESaIS7_EESaIS9_EESaISB_EEE10deallocateEPSD_y called 1 returned 100% blocks executed 100%
        1:  132:      deallocate(_Tp* __p, size_type __t __attribute__ ((__unused__)))
        -:  133:      {
        -:  134:#if __cpp_aligned_new
        -:  135:	if (alignof(_Tp) > __STDCPP_DEFAULT_NEW_ALIGNMENT__)
        -:  136:	  {
        -:  137:	    ::operator delete(__p,
        -:  138:# if __cpp_sized_deallocation
        -:  139:			      __t * sizeof(_Tp),
        -:  140:# endif
        -:  141:			      std::align_val_t(alignof(_Tp)));
        -:  142:	    return;
        -:  143:	  }
        -:  144:#endif
        1:  145:	::operator delete(__p
        1:  145-block  0
call    0 returned 1
        -:  146:#if __cpp_sized_deallocation
        -:  147:			  , __t * sizeof(_Tp)
        -:  148:#endif
        -:  149:			 );
        1:  150:      }
------------------
_ZN9__gnu_cxx13new_allocatorISt6vectorIS1_INSt7__cxx1112basic_stringIcSt11char_traitsIcESaIcEEESaIS7_EESaIS9_EEE10deallocateEPSB_y:
function _ZN9__gnu_cxx13new_allocatorISt6vectorIS1_INSt7__cxx1112basic_stringIcSt11char_traitsIcESaIcEEESaIS7_EESaIS9_EEE10deallocateEPSB_y called 23 returned 100% blocks executed 100%
       23:  132:      deallocate(_Tp* __p, size_type __t __attribute__ ((__unused__)))
        -:  133:      {
        -:  134:#if __cpp_aligned_new
        -:  135:	if (alignof(_Tp) > __STDCPP_DEFAULT_NEW_ALIGNMENT__)
        -:  136:	  {
        -:  137:	    ::operator delete(__p,
        -:  138:# if __cpp_sized_deallocation
        -:  139:			      __t * sizeof(_Tp),
        -:  140:# endif
        -:  141:			      std::align_val_t(alignof(_Tp)));
        -:  142:	    return;
        -:  143:	  }
        -:  144:#endif
       23:  145:	::operator delete(__p
       23:  145-block  0
call    0 returned 23
        -:  146:#if __cpp_sized_deallocation
        -:  147:			  , __t * sizeof(_Tp)
        -:  148:#endif
        -:  149:			 );
       23:  150:      }
------------------
_ZN9__gnu_cxx13new_allocatorISt6vectorIS1_IiSaIiEESaIS3_EEE10deallocateEPS5_y:
function _ZN9__gnu_cxx13new_allocatorISt6vectorIS1_IiSaIiEESaIS3_EEE10deallocateEPS5_y called 1 returned 100% blocks executed 100%
        1:  132:      deallocate(_Tp* __p, size_type __t __attribute__ ((__unused__)))
        -:  133:      {
        -:  134:#if __cpp_aligned_new
        -:  135:	if (alignof(_Tp) > __STDCPP_DEFAULT_NEW_ALIGNMENT__)
        -:  136:	  {
        -:  137:	    ::operator delete(__p,
        -:  138:# if __cpp_sized_deallocation
        -:  139:			      __t * sizeof(_Tp),
        -:  140:# endif
        -:  141:			      std::align_val_t(alignof(_Tp)));
        -:  142:	    return;
        -:  143:	  }
        -:  144:#endif
        1:  145:	::operator delete(__p
        1:  145-block  0
call    0 returned 1
        -:  146:#if __cpp_sized_deallocation
        -:  147:			  , __t * sizeof(_Tp)
        -:  148:#endif
        -:  149:			 );
        1:  150:      }
------------------
_ZN9__gnu_cxx13new_allocatorImE10deallocateEPmy:
function _ZN9__gnu_cxx13new_allocatorImE10deallocateEPmy called 78 returned 100% blocks executed 100%
       78:  132:      deallocate(_Tp* __p, size_type __t __attribute__ ((__unused__)))
        -:  133:      {
        -:  134:#if __cpp_aligned_new
        -:  135:	if (alignof(_Tp) > __STDCPP_DEFAULT_NEW_ALIGNMENT__)
        -:  136:	  {
        -:  137:	    ::operator delete(__p,
        -:  138:# if __cpp_sized_deallocation
        -:  139:			      __t * sizeof(_Tp),
        -:  140:# endif
        -:  141:			      std::align_val_t(alignof(_Tp)));
        -:  142:	    return;
        -:  143:	  }
        -:  144:#endif
       78:  145:	::operator delete(__p
       78:  145-block  0
call    0 returned 78
        -:  146:#if __cpp_sized_deallocation
        -:  147:			  , __t * sizeof(_Tp)
        -:  148:#endif
        -:  149:			 );
       78:  150:      }
------------------
_ZN9__gnu_cxx13new_allocatorIPiE10deallocateEPS1_y:
function _ZN9__gnu_cxx13new_allocatorIPiE10deallocateEPS1_y called 3 returned 100% blocks executed 100%
        3:  132:      deallocate(_Tp* __p, size_type __t __attribute__ ((__unused__)))
        -:  133:      {
        -:  134:#if __cpp_aligned_new
        -:  135:	if (alignof(_Tp) > __STDCPP_DEFAULT_NEW_ALIGNMENT__)
        -:  136:	  {
        -:  137:	    ::operator delete(__p,
        -:  138:# if __cpp_sized_deallocation
        -:  139:			      __t * sizeof(_Tp),
        -:  140:# endif
        -:  141:			      std::align_val_t(alignof(_Tp)));
        -:  142:	    return;
        -:  143:	  }
        -:  144:#endif
        3:  145:	::operator delete(__p
        3:  145-block  0
call    0 returned 3
        -:  146:#if __cpp_sized_deallocation
        -:  147:			  , __t * sizeof(_Tp)
        -:  148:#endif
        -:  149:			 );
        3:  150:      }
------------------
_ZN9__gnu_cxx13new_allocatorISt6vectorIiSaIiEEE10deallocateEPS3_y:
function _ZN9__gnu_cxx13new_allocatorISt6vectorIiSaIiEEE10deallocateEPS3_y called 29 returned 100% blocks executed 100%
       29:  132:      deallocate(_Tp* __p, size_type __t __attribute__ ((__unused__)))
        -:  133:      {
        -:  134:#if __cpp_aligned_new
        -:  135:	if (alignof(_Tp) > __STDCPP_DEFAULT_NEW_ALIGNMENT__)
        -:  136:	  {
        -:  137:	    ::operator delete(__p,
        -:  138:# if __cpp_sized_deallocation
        -:  139:			      __t * sizeof(_Tp),
        -:  140:# endif
        -:  141:			      std::align_val_t(alignof(_Tp)));
        -:  142:	    return;
        -:  143:	  }
        -:  144:#endif
       29:  145:	::operator delete(__p
       29:  145-block  0
call    0 returned 29
        -:  146:#if __cpp_sized_deallocation
        -:  147:			  , __t * sizeof(_Tp)
        -:  148:#endif
        -:  149:			 );
       29:  150:      }
------------------
_ZN9__gnu_cxx13new_allocatorI4WordE10deallocateEPS1_y:
function _ZN9__gnu_cxx13new_allocatorI4WordE10deallocateEPS1_y called 0 returned 0% blocks executed 0%
    #####:  132:      deallocate(_Tp* __p, size_type __t __attribute__ ((__unused__)))
        -:  133:      {
        -:  134:#if __cpp_aligned_new
        -:  135:	if (alignof(_Tp) > __STDCPP_DEFAULT_NEW_ALIGNMENT__)
        -:  136:	  {
        -:  137:	    ::operator delete(__p,
        -:  138:# if __cpp_sized_deallocation
        -:  139:			      __t * sizeof(_Tp),
        -:  140:# endif
        -:  141:			      std::align_val_t(alignof(_Tp)));
        -:  142:	    return;
        -:  143:	  }
        -:  144:#endif
    #####:  145:	::operator delete(__p
    %%%%%:  145-block  0
call    0 never executed
        -:  146:#if __cpp_sized_deallocation
        -:  147:			  , __t * sizeof(_Tp)
        -:  148:#endif
        -:  149:			 );
    #####:  150:      }
------------------
_ZN9__gnu_cxx13new_allocatorISt6vectorINSt7__cxx1112basic_stringIcSt11char_traitsIcESaIcEEESaIS7_EEE10deallocateEPS9_y:
function _ZN9__gnu_cxx13new_allocatorISt6vectorINSt7__cxx1112basic_stringIcSt11char_traitsIcESaIcEEESaIS7_EEE10deallocateEPS9_y called 0 returned 0% blocks executed 0%
    #####:  132:      deallocate(_Tp* __p, size_type __t __attribute__ ((__unused__)))
        -:  133:      {
        -:  134:#if __cpp_aligned_new
        -:  135:	if (alignof(_Tp) > __STDCPP_DEFAULT_NEW_ALIGNMENT__)
        -:  136:	  {
        -:  137:	    ::operator delete(__p,
        -:  138:# if __cpp_sized_deallocation
        -:  139:			      __t * sizeof(_Tp),
        -:  140:# endif
        -:  141:			      std::align_val_t(alignof(_Tp)));
        -:  142:	    return;
        -:  143:	  }
        -:  144:#endif
    #####:  145:	::operator delete(__p
    %%%%%:  145-block  0
call    0 never executed
        -:  146:#if __cpp_sized_deallocation
        -:  147:			  , __t * sizeof(_Tp)
        -:  148:#endif
        -:  149:			 );
    #####:  150:      }
------------------
_ZN9__gnu_cxx13new_allocatorIiE10deallocateEPiy:
function _ZN9__gnu_cxx13new_allocatorIiE10deallocateEPiy called 0 returned 0% blocks executed 0%
    #####:  132:      deallocate(_Tp* __p, size_type __t __attribute__ ((__unused__)))
        -:  133:      {
        -:  134:#if __cpp_aligned_new
        -:  135:	if (alignof(_Tp) > __STDCPP_DEFAULT_NEW_ALIGNMENT__)
        -:  136:	  {
        -:  137:	    ::operator delete(__p,
        -:  138:# if __cpp_sized_deallocation
        -:  139:			      __t * sizeof(_Tp),
        -:  140:# endif
        -:  141:			      std::align_val_t(alignof(_Tp)));
        -:  142:	    return;
        -:  143:	  }
        -:  144:#endif
    #####:  145:	::operator delete(__p
    %%%%%:  145-block  0
call    0 never executed
        -:  146:#if __cpp_sized_deallocation
        -:  147:			  , __t * sizeof(_Tp)
        -:  148:#endif
        -:  149:			 );
    #####:  150:      }
------------------
_ZN9__gnu_cxx13new_allocatorINSt7__cxx1112basic_stringIcSt11char_traitsIcESaIcEEEE10deallocateEPS6_y:
function _ZN9__gnu_cxx13new_allocatorINSt7__cxx1112basic_stringIcSt11char_traitsIcESaIcEEEE10deallocateEPS6_y called 0 returned 0% blocks executed 0%
    #####:  132:      deallocate(_Tp* __p, size_type __t __attribute__ ((__unused__)))
        -:  133:      {
        -:  134:#if __cpp_aligned_new
        -:  135:	if (alignof(_Tp) > __STDCPP_DEFAULT_NEW_ALIGNMENT__)
        -:  136:	  {
        -:  137:	    ::operator delete(__p,
        -:  138:# if __cpp_sized_deallocation
        -:  139:			      __t * sizeof(_Tp),
        -:  140:# endif
        -:  141:			      std::align_val_t(alignof(_Tp)));
        -:  142:	    return;
        -:  143:	  }
        -:  144:#endif
    #####:  145:	::operator delete(__p
    %%%%%:  145-block  0
call    0 never executed
        -:  146:#if __cpp_sized_deallocation
        -:  147:			  , __t * sizeof(_Tp)
        -:  148:#endif
        -:  149:			 );
    #####:  150:      }
------------------
        -:  151:
        -:  152:#if __cplusplus <= 201703L
        -:  153:      size_type
     139*:  154:      max_size() const _GLIBCXX_USE_NOEXCEPT
     139*:  155:      { return _M_max_size(); }
------------------
_ZNK9__gnu_cxx13new_allocatorIP4WordE8max_sizeEv:
function _ZNK9__gnu_cxx13new_allocatorIP4WordE8max_sizeEv called 8 returned 100% blocks executed 100%
        8:  154:      max_size() const _GLIBCXX_USE_NOEXCEPT
        8:  155:      { return _M_max_size(); }
        8:  155-block  0
call    0 returned 8
------------------
_ZNK9__gnu_cxx13new_allocatorINSt7__cxx1112basic_stringIcSt11char_traitsIcESaIcEEEE8max_sizeEv:
function _ZNK9__gnu_cxx13new_allocatorINSt7__cxx1112basic_stringIcSt11char_traitsIcESaIcEEEE8max_sizeEv called 0 returned 0% blocks executed 0%
    #####:  154:      max_size() const _GLIBCXX_USE_NOEXCEPT
    #####:  155:      { return _M_max_size(); }
    %%%%%:  155-block  0
call    0 never executed
------------------
_ZNK9__gnu_cxx13new_allocatorISt6vectorIS1_IP4WordSaIS3_EESaIS5_EEE8max_sizeEv:
function _ZNK9__gnu_cxx13new_allocatorISt6vectorIS1_IP4WordSaIS3_EESaIS5_EEE8max_sizeEv called 1 returned 100% blocks executed 100%
        1:  154:      max_size() const _GLIBCXX_USE_NOEXCEPT
        1:  155:      { return _M_max_size(); }
        1:  155-block  0
call    0 returned 1
------------------
_ZNK9__gnu_cxx13new_allocatorISt6vectorIP4WordSaIS3_EEE8max_sizeEv:
function _ZNK9__gnu_cxx13new_allocatorISt6vectorIP4WordSaIS3_EEE8max_sizeEv called 1 returned 100% blocks executed 100%
        1:  154:      max_size() const _GLIBCXX_USE_NOEXCEPT
        1:  155:      { return _M_max_size(); }
        1:  155-block  0
call    0 returned 1
------------------
_ZNK9__gnu_cxx13new_allocatorISt6vectorIS1_IS1_INSt7__cxx1112basic_stringIcSt11char_traitsIcESaIcEEESaIS7_EESaIS9_EESaISB_EEE8max_sizeEv:
function _ZNK9__gnu_cxx13new_allocatorISt6vectorIS1_IS1_INSt7__cxx1112basic_stringIcSt11char_traitsIcESaIcEEESaIS7_EESaIS9_EESaISB_EEE8max_sizeEv called 1 returned 100% blocks executed 100%
        1:  154:      max_size() const _GLIBCXX_USE_NOEXCEPT
        1:  155:      { return _M_max_size(); }
        1:  155-block  0
call    0 returned 1
------------------
_ZNK9__gnu_cxx13new_allocatorISt6vectorIS1_INSt7__cxx1112basic_stringIcSt11char_traitsIcESaIcEEESaIS7_EESaIS9_EEE8max_sizeEv:
function _ZNK9__gnu_cxx13new_allocatorISt6vectorIS1_INSt7__cxx1112basic_stringIcSt11char_traitsIcESaIcEEESaIS7_EESaIS9_EEE8max_sizeEv called 1 returned 100% blocks executed 100%
        1:  154:      max_size() const _GLIBCXX_USE_NOEXCEPT
        1:  155:      { return _M_max_size(); }
        1:  155-block  0
call    0 returned 1
------------------
_ZNK9__gnu_cxx13new_allocatorISt6vectorINSt7__cxx1112basic_stringIcSt11char_traitsIcESaIcEEESaIS7_EEE8max_sizeEv:
function _ZNK9__gnu_cxx13new_allocatorISt6vectorINSt7__cxx1112basic_stringIcSt11char_traitsIcESaIcEEESaIS7_EEE8max_sizeEv called 113 returned 100% blocks executed 100%
      113:  154:      max_size() const _GLIBCXX_USE_NOEXCEPT
      113:  155:      { return _M_max_size(); }
      113:  155-block  0
call    0 returned 113
------------------
_ZNK9__gnu_cxx13new_allocatorISt6vectorIS1_IiSaIiEESaIS3_EEE8max_sizeEv:
function _ZNK9__gnu_cxx13new_allocatorISt6vectorIS1_IiSaIiEESaIS3_EEE8max_sizeEv called 1 returned 100% blocks executed 100%
        1:  154:      max_size() const _GLIBCXX_USE_NOEXCEPT
        1:  155:      { return _M_max_size(); }
        1:  155-block  0
call    0 returned 1
------------------
_ZNK9__gnu_cxx13new_allocatorISt6vectorIiSaIiEEE8max_sizeEv:
function _ZNK9__gnu_cxx13new_allocatorISt6vectorIiSaIiEEE8max_sizeEv called 13 returned 100% blocks executed 100%
       13:  154:      max_size() const _GLIBCXX_USE_NOEXCEPT
       13:  155:      { return _M_max_size(); }
       13:  155-block  0
call    0 returned 13
------------------
_ZNK9__gnu_cxx13new_allocatorIiE8max_sizeEv:
function _ZNK9__gnu_cxx13new_allocatorIiE8max_sizeEv called 0 returned 0% blocks executed 0%
    #####:  154:      max_size() const _GLIBCXX_USE_NOEXCEPT
    #####:  155:      { return _M_max_size(); }
    %%%%%:  155-block  0
call    0 never executed
------------------
        -:  156:
        -:  157:#if __cplusplus >= 201103L
        -:  158:      template<typename _Up, typename... _Args>
        -:  159:	void
   10562*:  160:	construct(_Up* __p, _Args&&... __args)
        -:  161:	noexcept(std::is_nothrow_constructible<_Up, _Args...>::value)
   10562*:  162:	{ ::new((void *)__p) _Up(std::forward<_Args>(__args)...); }
------------------
_ZN9__gnu_cxx13new_allocatorISt6vectorIiSaIiEEE9constructIS3_JS3_EEEvPT_DpOT0_:
function _ZN9__gnu_cxx13new_allocatorISt6vectorIiSaIiEEE9constructIS3_JS3_EEEvPT_DpOT0_ called 31 returned 100% blocks executed 100%
       31:  160:	construct(_Up* __p, _Args&&... __args)
        -:  161:	noexcept(std::is_nothrow_constructible<_Up, _Args...>::value)
       31:  162:	{ ::new((void *)__p) _Up(std::forward<_Args>(__args)...); }
       31:  162-block  0
call    0 returned 31
call    1 returned 31
call    2 returned 31
------------------
_ZN9__gnu_cxx13new_allocatorISt6vectorINSt7__cxx1112basic_stringIcSt11char_traitsIcESaIcEEESaIS7_EEE9constructIS9_JS9_EEEvPT_DpOT0_:
function _ZN9__gnu_cxx13new_allocatorISt6vectorINSt7__cxx1112basic_stringIcSt11char_traitsIcESaIcEEESaIS7_EEE9constructIS9_JS9_EEEvPT_DpOT0_ called 5741 returned 100% blocks executed 100%
     5741:  160:	construct(_Up* __p, _Args&&... __args)
        -:  161:	noexcept(std::is_nothrow_constructible<_Up, _Args...>::value)
     5741:  162:	{ ::new((void *)__p) _Up(std::forward<_Args>(__args)...); }
     5741:  162-block  0
call    0 returned 5741
call    1 returned 5741
call    2 returned 5741
------------------
_ZN9__gnu_cxx13new_allocatorINSt7__cxx1112basic_stringIcSt11char_traitsIcESaIcEEEE9constructIS6_JS6_EEEvPT_DpOT0_:
function _ZN9__gnu_cxx13new_allocatorINSt7__cxx1112basic_stringIcSt11char_traitsIcESaIcEEEE9constructIS6_JS6_EEEvPT_DpOT0_ called 0 returned 0% blocks executed 0%
    #####:  160:	construct(_Up* __p, _Args&&... __args)
        -:  161:	noexcept(std::is_nothrow_constructible<_Up, _Args...>::value)
    #####:  162:	{ ::new((void *)__p) _Up(std::forward<_Args>(__args)...); }
    %%%%%:  162-block  0
call    0 never executed
call    1 never executed
call    2 never executed
------------------
_ZN9__gnu_cxx13new_allocatorIP4WordE9constructIS2_JS2_EEEvPT_DpOT0_:
function _ZN9__gnu_cxx13new_allocatorIP4WordE9constructIS2_JS2_EEEvPT_DpOT0_ called 4 returned 100% blocks executed 100%
        4:  160:	construct(_Up* __p, _Args&&... __args)
        -:  161:	noexcept(std::is_nothrow_constructible<_Up, _Args...>::value)
        4:  162:	{ ::new((void *)__p) _Up(std::forward<_Args>(__args)...); }
        4:  162-block  0
call    0 returned 4
call    1 returned 4
------------------
_ZN9__gnu_cxx13new_allocatorISt6vectorIiSaIiEEE9constructIS3_JRKS3_EEEvPT_DpOT0_:
function _ZN9__gnu_cxx13new_allocatorISt6vectorIiSaIiEEE9constructIS3_JRKS3_EEEvPT_DpOT0_ called 22 returned 100% blocks executed 83%
       22:  160:	construct(_Up* __p, _Args&&... __args)
        -:  161:	noexcept(std::is_nothrow_constructible<_Up, _Args...>::value)
       22:  162:	{ ::new((void *)__p) _Up(std::forward<_Args>(__args)...); }
       22:  162-block  0
call    0 returned 22
call    1 returned 22
call    2 returned 22
branch  3 taken 22 (fallthrough)
branch  4 taken 0 (throw)
       22:  162-block  1
    $$$$$:  162-block  2
call    5 never executed
------------------
_ZN9__gnu_cxx13new_allocatorISt6vectorINSt7__cxx1112basic_stringIcSt11char_traitsIcESaIcEEESaIS7_EEE9constructIS9_JRKS9_EEEvPT_DpOT0_:
function _ZN9__gnu_cxx13new_allocatorISt6vectorINSt7__cxx1112basic_stringIcSt11char_traitsIcESaIcEEESaIS7_EEE9constructIS9_JRKS9_EEEvPT_DpOT0_ called 4764 returned 100% blocks executed 83%
     4764:  160:	construct(_Up* __p, _Args&&... __args)
        -:  161:	noexcept(std::is_nothrow_constructible<_Up, _Args...>::value)
     4764:  162:	{ ::new((void *)__p) _Up(std::forward<_Args>(__args)...); }
     4764:  162-block  0
call    0 returned 4764
call    1 returned 4764
call    2 returned 4764
branch  3 taken 4764 (fallthrough)
branch  4 taken 0 (throw)
     4764:  162-block  1
    $$$$$:  162-block  2
call    5 never executed
------------------
_ZN9__gnu_cxx13new_allocatorIiE9constructIiJRKiEEEvPT_DpOT0_:
function _ZN9__gnu_cxx13new_allocatorIiE9constructIiJRKiEEEvPT_DpOT0_ called 0 returned 0% blocks executed 0%
    #####:  160:	construct(_Up* __p, _Args&&... __args)
        -:  161:	noexcept(std::is_nothrow_constructible<_Up, _Args...>::value)
    #####:  162:	{ ::new((void *)__p) _Up(std::forward<_Args>(__args)...); }
    %%%%%:  162-block  0
call    0 never executed
call    1 never executed
------------------
_ZN9__gnu_cxx13new_allocatorINSt7__cxx1112basic_stringIcSt11char_traitsIcESaIcEEEE9constructIS6_JRKS6_EEEvPT_DpOT0_:
function _ZN9__gnu_cxx13new_allocatorINSt7__cxx1112basic_stringIcSt11char_traitsIcESaIcEEEE9constructIS6_JRKS6_EEEvPT_DpOT0_ called 0 returned 0% blocks executed 0%
    #####:  160:	construct(_Up* __p, _Args&&... __args)
        -:  161:	noexcept(std::is_nothrow_constructible<_Up, _Args...>::value)
    #####:  162:	{ ::new((void *)__p) _Up(std::forward<_Args>(__args)...); }
    %%%%%:  162-block  0
call    0 never executed
call    1 never executed
call    2 never executed
branch  3 never executed
branch  4 never executed
    %%%%%:  162-block  1
    $$$$$:  162-block  2
call    5 never executed
------------------
        -:  163:
        -:  164:      template<typename _Up>
        -:  165:	void
    5772*:  166:	destroy(_Up* __p)
        -:  167:	noexcept(std::is_nothrow_destructible<_Up>::value)
    5772*:  168:	{ __p->~_Up(); }
------------------
_ZN9__gnu_cxx13new_allocatorIP4WordE7destroyIS2_EEvPT_:
function _ZN9__gnu_cxx13new_allocatorIP4WordE7destroyIS2_EEvPT_ called 0 returned 0% blocks executed 0%
    #####:  166:	destroy(_Up* __p)
        -:  167:	noexcept(std::is_nothrow_destructible<_Up>::value)
    #####:  168:	{ __p->~_Up(); }
------------------
_ZN9__gnu_cxx13new_allocatorISt6vectorIiSaIiEEE7destroyIS3_EEvPT_:
function _ZN9__gnu_cxx13new_allocatorISt6vectorIiSaIiEEE7destroyIS3_EEvPT_ called 31 returned 100% blocks executed 100%
       31:  166:	destroy(_Up* __p)
        -:  167:	noexcept(std::is_nothrow_destructible<_Up>::value)
       31:  168:	{ __p->~_Up(); }
       31:  168-block  0
call    0 returned 31
------------------
_ZN9__gnu_cxx13new_allocatorISt6vectorINSt7__cxx1112basic_stringIcSt11char_traitsIcESaIcEEESaIS7_EEE7destroyIS9_EEvPT_:
function _ZN9__gnu_cxx13new_allocatorISt6vectorINSt7__cxx1112basic_stringIcSt11char_traitsIcESaIcEEESaIS7_EEE7destroyIS9_EEvPT_ called 5741 returned 100% blocks executed 100%
     5741:  166:	destroy(_Up* __p)
        -:  167:	noexcept(std::is_nothrow_destructible<_Up>::value)
     5741:  168:	{ __p->~_Up(); }
     5741:  168-block  0
call    0 returned 5741
------------------
_ZN9__gnu_cxx13new_allocatorINSt7__cxx1112basic_stringIcSt11char_traitsIcESaIcEEEE7destroyIS6_EEvPT_:
function _ZN9__gnu_cxx13new_allocatorINSt7__cxx1112basic_stringIcSt11char_traitsIcESaIcEEEE7destroyIS6_EEvPT_ called 0 returned 0% blocks executed 0%
    #####:  166:	destroy(_Up* __p)
        -:  167:	noexcept(std::is_nothrow_destructible<_Up>::value)
    #####:  168:	{ __p->~_Up(); }
    %%%%%:  168-block  0
call    0 never executed
------------------
_ZN9__gnu_cxx13new_allocatorIiE7destroyIiEEvPT_:
function _ZN9__gnu_cxx13new_allocatorIiE7destroyIiEEvPT_ called 0 returned 0% blocks executed 0%
    #####:  166:	destroy(_Up* __p)
        -:  167:	noexcept(std::is_nothrow_destructible<_Up>::value)
    #####:  168:	{ __p->~_Up(); }
------------------
        -:  169:#else
        -:  170:      // _GLIBCXX_RESOLVE_LIB_DEFECTS
        -:  171:      // 402. wrong new expression in [some_] allocator::construct
        -:  172:      void
        -:  173:      construct(pointer __p, const _Tp& __val)
        -:  174:      { ::new((void *)__p) _Tp(__val); }
        -:  175:
        -:  176:      void
        -:  177:      destroy(pointer __p) { __p->~_Tp(); }
        -:  178:#endif
        -:  179:#endif // ! C++20
        -:  180:
        -:  181:      template<typename _Up>
        -:  182:	friend _GLIBCXX20_CONSTEXPR bool
        -:  183:	operator==(const new_allocator&, const new_allocator<_Up>&)
        -:  184:	_GLIBCXX_NOTHROW
        -:  185:	{ return true; }
        -:  186:
        -:  187:#if __cpp_impl_three_way_comparison < 201907L
        -:  188:      template<typename _Up>
        -:  189:	friend _GLIBCXX20_CONSTEXPR bool
        -:  190:	operator!=(const new_allocator&, const new_allocator<_Up>&)
        -:  191:	_GLIBCXX_NOTHROW
        -:  192:	{ return false; }
        -:  193:#endif
        -:  194:
        -:  195:    private:
        -:  196:      _GLIBCXX_CONSTEXPR size_type
     189*:  197:      _M_max_size() const _GLIBCXX_USE_NOEXCEPT
        -:  198:      {
        -:  199:#if __PTRDIFF_MAX__ < __SIZE_MAX__
     189*:  200:	return std::size_t(__PTRDIFF_MAX__) / sizeof(_Tp);
        -:  201:#else
        -:  202:	return std::size_t(-1) / sizeof(_Tp);
        -:  203:#endif
        -:  204:      }
        -:  205:    };
        -:  206:
        -:  207:_GLIBCXX_END_NAMESPACE_VERSION
        -:  208:} // namespace
        -:  209:
        -:  210:#endif
